Logging initialized to: /Users/vuongnguyenanhdat/Documents/project copy/demo/app-debug.log
Startup diagnostics:
  user.dir = /Users/vuongnguyenanhdat/Documents/project copy/demo
  java.class.path = /Users/vuongnguyenanhdat/Documents/project copy/demo/target/classes:/Users/vuongnguyenanhdat/.m2/repository/com/fasterxml/jackson/core/jackson-annotations/2.15.2/jackson-annotations-2.15.2.jar:/Users/vuongnguyenanhdat/.m2/repository/com/fasterxml/jackson/core/jackson-core/2.15.2/jackson-core-2.15.2.jar:/Users/vuongnguyenanhdat/.m2/repository/com/fasterxml/jackson/core/jackson-databind/2.15.2/jackson-databind-2.15.2.jar:/Users/vuongnguyenanhdat/.m2/repository/com/github/docker-java/docker-java/3.4.0/docker-java-3.4.0.jar:/Users/vuongnguyenanhdat/.m2/repository/com/github/docker-java/docker-java-api/3.4.0/docker-java-api-3.4.0.jar:/Users/vuongnguyenanhdat/.m2/repository/com/github/docker-java/docker-java-core/3.4.0/docker-java-core-3.4.0.jar:/Users/vuongnguyenanhdat/.m2/repository/com/github/docker-java/docker-java-transport/3.4.0/docker-java-transport-3.4.0.jar:/Users/vuongnguyenanhdat/.m2/repository/com/github/docker-java/docker-java-transport-httpclient5/3.4.0/docker-java-transport-httpclient5-3.4.0.jar:/Users/vuongnguyenanhdat/.m2/repository/com/github/virtuald/curvesapi/1.08/curvesapi-1.08.jar:/Users/vuongnguyenanhdat/.m2/repository/com/google/auto/service/auto-service-annotations/1.1.1/auto-service-annotations-1.1.1.jar:/Users/vuongnguyenanhdat/.m2/repository/com/google/code/findbugs/jsr305/3.0.2/jsr305-3.0.2.jar:/Users/vuongnguyenanhdat/.m2/repository/com/google/code/gson/gson/2.10.1/gson-2.10.1.jar:/Users/vuongnguyenanhdat/.m2/repository/com/google/errorprone/error_prone_annotations/2.28.0/error_prone_annotations-2.28.0.jar:/Users/vuongnguyenanhdat/.m2/repository/com/google/guava/failureaccess/1.0.2/failureaccess-1.0.2.jar:/Users/vuongnguyenanhdat/.m2/repository/com/google/guava/guava/33.3.1-jre/guava-33.3.1-jre.jar:/Users/vuongnguyenanhdat/.m2/repository/com/google/guava/listenablefuture/9999.0-empty-to-avoid-conflict-with-guava/listenablefuture-9999.0-empty-to-avoid-conflict-with-guava.jar:/Users/vuongnguyenanhdat/.m2/repository/com/google/j2objc/j2objc-annotations/3.0.0/j2objc-annotations-3.0.0.jar:/Users/vuongnguyenanhdat/.m2/repository/com/opencsv/opencsv/5.9/opencsv-5.9.jar:/Users/vuongnguyenanhdat/.m2/repository/com/zaxxer/SparseBitSet/1.3/SparseBitSet-1.3.jar:/Users/vuongnguyenanhdat/.m2/repository/commons-beanutils/commons-beanutils/1.9.4/commons-beanutils-1.9.4.jar:/Users/vuongnguyenanhdat/.m2/repository/commons-codec/commons-codec/1.16.0/commons-codec-1.16.0.jar:/Users/vuongnguyenanhdat/.m2/repository/commons-collections/commons-collections/3.2.2/commons-collections-3.2.2.jar:/Users/vuongnguyenanhdat/.m2/repository/commons-io/commons-io/2.15.0/commons-io-2.15.0.jar:/Users/vuongnguyenanhdat/.m2/repository/commons-logging/commons-logging/1.2/commons-logging-1.2.jar:/Users/vuongnguyenanhdat/.m2/repository/dev/failsafe/failsafe/3.3.2/failsafe-3.3.2.jar:/Users/vuongnguyenanhdat/.m2/repository/io/github/bonigarcia/webdrivermanager/5.9.2/webdrivermanager-5.9.2.jar:/Users/vuongnguyenanhdat/.m2/repository/io/opentelemetry/opentelemetry-api/1.44.1/opentelemetry-api-1.44.1.jar:/Users/vuongnguyenanhdat/.m2/repository/io/opentelemetry/opentelemetry-api-incubator/1.44.1-alpha/opentelemetry-api-incubator-1.44.1-alpha.jar:/Users/vuongnguyenanhdat/.m2/repository/io/opentelemetry/opentelemetry-context/1.44.1/opentelemetry-context-1.44.1.jar:/Users/vuongnguyenanhdat/.m2/repository/io/opentelemetry/opentelemetry-exporter-logging/1.44.1/opentelemetry-exporter-logging-1.44.1.jar:/Users/vuongnguyenanhdat/.m2/repository/io/opentelemetry/opentelemetry-sdk/1.44.1/opentelemetry-sdk-1.44.1.jar:/Users/vuongnguyenanhdat/.m2/repository/io/opentelemetry/opentelemetry-sdk-common/1.44.1/opentelemetry-sdk-common-1.44.1.jar:/Users/vuongnguyenanhdat/.m2/repository/io/opentelemetry/opentelemetry-sdk-extension-autoconfigure/1.44.1/opentelemetry-sdk-extension-autoconfigure-1.44.1.jar:/Users/vuongnguyenanhdat/.m2/repository/io/opentelemetry/opentelemetry-sdk-extension-autoconfigure-spi/1.44.1/opentelemetry-sdk-extension-autoconfigure-spi-1.44.1.jar:/Users/vuongnguyenanhdat/.m2/repository/io/opentelemetry/opentelemetry-sdk-logs/1.44.1/opentelemetry-sdk-logs-1.44.1.jar:/Users/vuongnguyenanhdat/.m2/repository/io/opentelemetry/opentelemetry-sdk-metrics/1.44.1/opentelemetry-sdk-metrics-1.44.1.jar:/Users/vuongnguyenanhdat/.m2/repository/io/opentelemetry/opentelemetry-sdk-trace/1.44.1/opentelemetry-sdk-trace-1.44.1.jar:/Users/vuongnguyenanhdat/.m2/repository/io/opentelemetry/semconv/opentelemetry-semconv/1.25.0-alpha/opentelemetry-semconv-1.25.0-alpha.jar:/Users/vuongnguyenanhdat/.m2/repository/net/bytebuddy/byte-buddy/1.15.10/byte-buddy-1.15.10.jar:/Users/vuongnguyenanhdat/.m2/repository/net/java/dev/jna/jna/5.13.0/jna-5.13.0.jar:/Users/vuongnguyenanhdat/.m2/repository/org/apache/commons/commons-collections4/4.4/commons-collections4-4.4.jar:/Users/vuongnguyenanhdat/.m2/repository/org/apache/commons/commons-compress/1.25.0/commons-compress-1.25.0.jar:/Users/vuongnguyenanhdat/.m2/repository/org/apache/commons/commons-csv/1.10.0/commons-csv-1.10.0.jar:/Users/vuongnguyenanhdat/.m2/repository/org/apache/commons/commons-exec/1.4.0/commons-exec-1.4.0.jar:/Users/vuongnguyenanhdat/.m2/repository/org/apache/commons/commons-lang3/3.13.0/commons-lang3-3.13.0.jar:/Users/vuongnguyenanhdat/.m2/repository/org/apache/commons/commons-math3/3.6.1/commons-math3-3.6.1.jar:/Users/vuongnguyenanhdat/.m2/repository/org/apache/commons/commons-text/1.11.0/commons-text-1.11.0.jar:/Users/vuongnguyenanhdat/.m2/repository/org/apache/httpcomponents/client5/httpclient5/5.2.1/httpclient5-5.2.1.jar:/Users/vuongnguyenanhdat/.m2/repository/org/apache/httpcomponents/core5/httpcore5/5.2/httpcore5-5.2.jar:/Users/vuongnguyenanhdat/.m2/repository/org/apache/httpcomponents/core5/httpcore5-h2/5.2/httpcore5-h2-5.2.jar:/Users/vuongnguyenanhdat/.m2/repository/org/apache/logging/log4j/log4j-api/2.21.1/log4j-api-2.21.1.jar:/Users/vuongnguyenanhdat/.m2/repository/org/apache/poi/poi/5.2.5/poi-5.2.5.jar:/Users/vuongnguyenanhdat/.m2/repository/org/apache/poi/poi-ooxml/5.2.5/poi-ooxml-5.2.5.jar:/Users/vuongnguyenanhdat/.m2/repository/org/apache/poi/poi-ooxml-lite/5.2.5/poi-ooxml-lite-5.2.5.jar:/Users/vuongnguyenanhdat/.m2/repository/org/apache/xmlbeans/xmlbeans/5.2.0/xmlbeans-5.2.0.jar:/Users/vuongnguyenanhdat/.m2/repository/org/brotli/dec/0.1.2/dec-0.1.2.jar:/Users/vuongnguyenanhdat/.m2/repository/org/checkerframework/checker-qual/3.43.0/checker-qual-3.43.0.jar:/Users/vuongnguyenanhdat/.m2/repository/org/jsoup/jsoup/1.17.2/jsoup-1.17.2.jar:/Users/vuongnguyenanhdat/.m2/repository/org/jspecify/jspecify/1.0.0/jspecify-1.0.0.jar:/Users/vuongnguyenanhdat/.m2/repository/org/seleniumhq/selenium/selenium-api/4.27.0/selenium-api-4.27.0.jar:/Users/vuongnguyenanhdat/.m2/repository/org/seleniumhq/selenium/selenium-chrome-driver/4.27.0/selenium-chrome-driver-4.27.0.jar:/Users/vuongnguyenanhdat/.m2/repository/org/seleniumhq/selenium/selenium-chromium-driver/4.27.0/selenium-chromium-driver-4.27.0.jar:/Users/vuongnguyenanhdat/.m2/repository/org/seleniumhq/selenium/selenium-devtools-v129/4.27.0/selenium-devtools-v129-4.27.0.jar:/Users/vuongnguyenanhdat/.m2/repository/org/seleniumhq/selenium/selenium-devtools-v130/4.27.0/selenium-devtools-v130-4.27.0.jar:/Users/vuongnguyenanhdat/.m2/repository/org/seleniumhq/selenium/selenium-devtools-v131/4.27.0/selenium-devtools-v131-4.27.0.jar:/Users/vuongnguyenanhdat/.m2/repository/org/seleniumhq/selenium/selenium-devtools-v85/4.27.0/selenium-devtools-v85-4.27.0.jar:/Users/vuongnguyenanhdat/.m2/repository/org/seleniumhq/selenium/selenium-edge-driver/4.27.0/selenium-edge-driver-4.27.0.jar:/Users/vuongnguyenanhdat/.m2/repository/org/seleniumhq/selenium/selenium-firefox-driver/4.27.0/selenium-firefox-driver-4.27.0.jar:/Users/vuongnguyenanhdat/.m2/repository/org/seleniumhq/selenium/selenium-http/4.27.0/selenium-http-4.27.0.jar:/Users/vuongnguyenanhdat/.m2/repository/org/seleniumhq/selenium/selenium-ie-driver/4.27.0/selenium-ie-driver-4.27.0.jar:/Users/vuongnguyenanhdat/.m2/repository/org/seleniumhq/selenium/selenium-java/4.27.0/selenium-java-4.27.0.jar:/Users/vuongnguyenanhdat/.m2/repository/org/seleniumhq/selenium/selenium-json/4.27.0/selenium-json-4.27.0.jar:/Users/vuongnguyenanhdat/.m2/repository/org/seleniumhq/selenium/selenium-manager/4.27.0/selenium-manager-4.27.0.jar:/Users/vuongnguyenanhdat/.m2/repository/org/seleniumhq/selenium/selenium-os/4.27.0/selenium-os-4.27.0.jar:/Users/vuongnguyenanhdat/.m2/repository/org/seleniumhq/selenium/selenium-remote-driver/4.27.0/selenium-remote-driver-4.27.0.jar:/Users/vuongnguyenanhdat/.m2/repository/org/seleniumhq/selenium/selenium-safari-driver/4.27.0/selenium-safari-driver-4.27.0.jar:/Users/vuongnguyenanhdat/.m2/repository/org/seleniumhq/selenium/selenium-support/4.27.0/selenium-support-4.27.0.jar:/Users/vuongnguyenanhdat/.m2/repository/org/slf4j/jcl-over-slf4j/1.7.30/jcl-over-slf4j-1.7.30.jar:/Users/vuongnguyenanhdat/.m2/repository/org/slf4j/slf4j-api/2.0.13/slf4j-api-2.0.13.jar
  module root = /Users/vuongnguyenanhdat/Documents/project copy/demo
Dec 20, 2025 8:48:22 PM javafx.fxml.FXMLLoader$ValueElement processValue
WARNING: Loading FXML document with JavaFX API of version 25 by JavaFX runtime of version 21.0.1
Đã lưu dữ liệu JSON thành công.
Dec 20, 2025 8:48:31 PM javafx.fxml.FXMLLoader$ValueElement processValue
WARNING: Loading FXML document with JavaFX API of version 25 by JavaFX runtime of version 21.0.1

[0] Target file found: /Users/vuongnguyenanhdat/Documents/project copy/demo/results_2025-12-13_11-45-27.csv

[1] Running Data Processor...
Đang đọc cấu hình từ file: input_data.json ...
============================================
Input File : /Users/vuongnguyenanhdat/Documents/project copy/demo/results_2025-12-13_11-45-27.csv
Từ khoá    : matmo
Thời gian  : null -> null
============================================
Đang xử lý dữ liệu...
Hoàn tất! File sạch đã được lưu tại: cleaned_results_2025-12-13_11-45-27.csv
Processed output: /Users/vuongnguyenanhdat/Documents/project copy/demo/cleaned_results_2025-12-13_11-45-27.csv

[2] Running Python Model...
Using Python: python3
Using Script: /Users/vuongnguyenanhdat/Documents/project copy/demo/src/main/java/com/demo/Model/Model/main.py
[Python] Device set to use mps:0
[Python] Processing file: --csv
[Python] Using input file: /Users/vuongnguyenanhdat/Documents/project copy/demo/cleaned_results_2025-12-13_11-45-27.csv
[Python] 🔧 Loading sentiment pipeline: wonrax/phobert-base-vietnamese-sentiment
[Python] 
[Python] ======================================================================
[Python] 🚀 ADVANCED DISASTER ANALYSIS PIPELINE
[Python] ======================================================================
[Python] 
[Python] 📂 BƯỚC 1: Load dữ liệu
[Python]    ✅ Đã load 59 posts
[Python] 
[Python] 😊 BƯỚC 2: Phân tích tâm lý (Bài toán 1)
[Python] 🔄 Đang phân tích tâm lý cho 59 posts...
[Python] ✅ Hoàn thành phân tích tâm lý
[Python] 
[Python] 🏚️ BƯỚC 3: Phân loại thiệt hại (Bài toán 2)
[Python] 🔄 Đang phân loại thiệt hại cho 59 posts...
[Python] ✅ Hoàn thành phân loại thiệt hại
[Python] 
[Python] 📊 BƯỚC 4: Tạo báo cáo phân tích
[Python] 📊 Đã lưu báo cáo sentiment: ./results/sentiment_timeline.csv
[Python] 📊 Đã lưu báo cáo damage: ./results/damage_statistics.csv
[Python] 💾 Đã lưu processed posts: ./results/processed_posts.json
[Python] 
[Python] ✅ HOÀN THÀNH! Kết quả lưu tại: ./results
[Python] 
[Python] ======================================================================
[Python] 📋 TÓM TẮT KẾT QUẢ PHÂN TÍCH
[Python] ======================================================================
[Python] 
[Python] 🎭 PHÂN TÍCH TÂM LÝ (Bài toán 1):
[Python]    🗓️  Khoảng thời gian: 2025-09-30 → 2025-11-06
[Python]    📝 Tổng số posts: 59
[Python]    😊 Tích cực: 0 (0.0%)
[Python]    😢 Tiêu cực: 0 (0.0%)
[Python]    😐 Trung lập: 59 (100.0%)
[Python] 
[Python] 🏚️ PHÂN LOẠI THIỆT HẠI (Bài toán 2):
[Python]    📊 TOP 5 LOẠI THIỆT HẠI:
[Python]       1. Người bị ảnh hưởng: 28 posts (47.5%) - Confidence: 0.619
[Python]       2. Cơ sở hạ tầng bị hư hỏng: 26 posts (44.1%) - Confidence: 0.564
[Python]       3. Nhà cửa bị hư hỏng: 25 posts (42.4%) - Confidence: 0.453
[Python]       4. Tài sản bị mất: 19 posts (32.2%) - Confidence: 0.351
[Python]       5. Khác: 15 posts (25.4%) - Confidence: 1.000
[Python] Analysis completed successfully!

=== PIPELINE FINISHED SUCCESSFULLY ===
Dec 20, 2025 8:48:43 PM javafx.fxml.FXMLLoader$ValueElement processValue
WARNING: Loading FXML document with JavaFX API of version 25 by JavaFX runtime of version 21.0.1
Dec 20, 2025 8:48:44 PM javafx.fxml.FXMLLoader$ValueElement processValue
WARNING: Loading FXML document with JavaFX API of version 25 by JavaFX runtime of version 21.0.1
Dec 20, 2025 8:48:46 PM javafx.fxml.FXMLLoader$ValueElement processValue
WARNING: Loading FXML document with JavaFX API of version 25 by JavaFX runtime of version 21.0.1
Dec 20, 2025 8:48:46 PM javafx.fxml.FXMLLoader$ValueElement processValue
WARNING: Loading FXML document with JavaFX API of version 25 by JavaFX runtime of version 21.0.1
Giao diện đã khởi tạo, đang load dữ liệu...
Dec 20, 2025 8:48:47 PM javafx.fxml.FXMLLoader$ValueElement processValue
WARNING: Loading FXML document with JavaFX API of version 25 by JavaFX runtime of version 21.0.1
Dec 20, 2025 8:48:50 PM javafx.fxml.FXMLLoader$ValueElement processValue
WARNING: Loading FXML document with JavaFX API of version 25 by JavaFX runtime of version 21.0.1
Đã lưu dữ liệu JSON thành công.
Dec 20, 2025 8:48:53 PM javafx.fxml.FXMLLoader$ValueElement processValue
WARNING: Loading FXML document with JavaFX API of version 25 by JavaFX runtime of version 21.0.1

[0] Target file found: /Users/vuongnguyenanhdat/Documents/project copy/demo/results_2025-12-13_11-45-27.csv

[1] Running Data Processor...
Đang đọc cấu hình từ file: input_data.json ...
============================================
Input File : /Users/vuongnguyenanhdat/Documents/project copy/demo/results_2025-12-13_11-45-27.csv
Từ khoá    : matmo
Thời gian  : null -> null
============================================
Đang xử lý dữ liệu...
Hoàn tất! File sạch đã được lưu tại: cleaned_results_2025-12-13_11-45-27.csv
Processed output: /Users/vuongnguyenanhdat/Documents/project copy/demo/cleaned_results_2025-12-13_11-45-27.csv

[2] Running Python Model...
Using Python: python3
Using Script: /Users/vuongnguyenanhdat/Documents/project copy/demo/src/main/java/com/demo/Model/Model/main.py
[Python] Device set to use mps:0
[Python] Processing file: --csv
[Python] Using input file: /Users/vuongnguyenanhdat/Documents/project copy/demo/cleaned_results_2025-12-13_11-45-27.csv
[Python] 🔧 Loading sentiment pipeline: wonrax/phobert-base-vietnamese-sentiment
[Python] 
[Python] ======================================================================
[Python] 🚀 ADVANCED DISASTER ANALYSIS PIPELINE
[Python] ======================================================================
[Python] 
[Python] 📂 BƯỚC 1: Load dữ liệu
[Python]    ✅ Đã load 59 posts
[Python] 
[Python] 😊 BƯỚC 2: Phân tích tâm lý (Bài toán 1)
[Python] 🔄 Đang phân tích tâm lý cho 59 posts...
[Python] ✅ Hoàn thành phân tích tâm lý
[Python] 
[Python] 🏚️ BƯỚC 3: Phân loại thiệt hại (Bài toán 2)
[Python] 🔄 Đang phân loại thiệt hại cho 59 posts...
[Python] ✅ Hoàn thành phân loại thiệt hại
[Python] 
[Python] 📊 BƯỚC 4: Tạo báo cáo phân tích
[Python] 📊 Đã lưu báo cáo sentiment: ./results/sentiment_timeline.csv
[Python] 📊 Đã lưu báo cáo damage: ./results/damage_statistics.csv
[Python] 💾 Đã lưu processed posts: ./results/processed_posts.json
[Python] 
[Python] ✅ HOÀN THÀNH! Kết quả lưu tại: ./results
[Python] 
[Python] ======================================================================
[Python] 📋 TÓM TẮT KẾT QUẢ PHÂN TÍCH
[Python] ======================================================================
[Python] 
[Python] 🎭 PHÂN TÍCH TÂM LÝ (Bài toán 1):
[Python]    🗓️  Khoảng thời gian: 2025-09-30 → 2025-11-06
[Python]    📝 Tổng số posts: 59
[Python]    😊 Tích cực: 0 (0.0%)
[Python]    😢 Tiêu cực: 0 (0.0%)
[Python]    😐 Trung lập: 59 (100.0%)
[Python] 
[Python] 🏚️ PHÂN LOẠI THIỆT HẠI (Bài toán 2):
[Python]    📊 TOP 5 LOẠI THIỆT HẠI:
[Python]       1. Người bị ảnh hưởng: 28 posts (47.5%) - Confidence: 0.619
[Python]       2. Cơ sở hạ tầng bị hư hỏng: 26 posts (44.1%) - Confidence: 0.564
[Python]       3. Nhà cửa bị hư hỏng: 25 posts (42.4%) - Confidence: 0.453
[Python]       4. Tài sản bị mất: 19 posts (32.2%) - Confidence: 0.351
[Python]       5. Khác: 15 posts (25.4%) - Confidence: 1.000
[Python] Analysis completed successfully!

=== PIPELINE FINISHED SUCCESSFULLY ===
Dec 20, 2025 8:49:03 PM javafx.fxml.FXMLLoader$ValueElement processValue
WARNING: Loading FXML document with JavaFX API of version 25 by JavaFX runtime of version 21.0.1
Dec 20, 2025 8:49:04 PM javafx.fxml.FXMLLoader$ValueElement processValue
WARNING: Loading FXML document with JavaFX API of version 25 by JavaFX runtime of version 21.0.1
Dec 20, 2025 8:49:05 PM javafx.fxml.FXMLLoader$ValueElement processValue
WARNING: Loading FXML document with JavaFX API of version 25 by JavaFX runtime of version 21.0.1
Dec 20, 2025 8:49:06 PM javafx.fxml.FXMLLoader$ValueElement processValue
WARNING: Loading FXML document with JavaFX API of version 25 by JavaFX runtime of version 21.0.1
Logging initialized to: /Users/vuongnguyenanhdat/Documents/project copy/demo/app-debug.log
Startup diagnostics:
  user.dir = /Users/vuongnguyenanhdat/Documents/project copy/demo
  java.class.path = /Users/vuongnguyenanhdat/Documents/project copy/demo/target/classes:/Users/vuongnguyenanhdat/.m2/repository/com/fasterxml/jackson/core/jackson-annotations/2.15.2/jackson-annotations-2.15.2.jar:/Users/vuongnguyenanhdat/.m2/repository/com/fasterxml/jackson/core/jackson-core/2.15.2/jackson-core-2.15.2.jar:/Users/vuongnguyenanhdat/.m2/repository/com/fasterxml/jackson/core/jackson-databind/2.15.2/jackson-databind-2.15.2.jar:/Users/vuongnguyenanhdat/.m2/repository/com/github/docker-java/docker-java/3.4.0/docker-java-3.4.0.jar:/Users/vuongnguyenanhdat/.m2/repository/com/github/docker-java/docker-java-api/3.4.0/docker-java-api-3.4.0.jar:/Users/vuongnguyenanhdat/.m2/repository/com/github/docker-java/docker-java-core/3.4.0/docker-java-core-3.4.0.jar:/Users/vuongnguyenanhdat/.m2/repository/com/github/docker-java/docker-java-transport/3.4.0/docker-java-transport-3.4.0.jar:/Users/vuongnguyenanhdat/.m2/repository/com/github/docker-java/docker-java-transport-httpclient5/3.4.0/docker-java-transport-httpclient5-3.4.0.jar:/Users/vuongnguyenanhdat/.m2/repository/com/github/virtuald/curvesapi/1.08/curvesapi-1.08.jar:/Users/vuongnguyenanhdat/.m2/repository/com/google/auto/service/auto-service-annotations/1.1.1/auto-service-annotations-1.1.1.jar:/Users/vuongnguyenanhdat/.m2/repository/com/google/code/findbugs/jsr305/3.0.2/jsr305-3.0.2.jar:/Users/vuongnguyenanhdat/.m2/repository/com/google/code/gson/gson/2.10.1/gson-2.10.1.jar:/Users/vuongnguyenanhdat/.m2/repository/com/google/errorprone/error_prone_annotations/2.28.0/error_prone_annotations-2.28.0.jar:/Users/vuongnguyenanhdat/.m2/repository/com/google/guava/failureaccess/1.0.2/failureaccess-1.0.2.jar:/Users/vuongnguyenanhdat/.m2/repository/com/google/guava/guava/33.3.1-jre/guava-33.3.1-jre.jar:/Users/vuongnguyenanhdat/.m2/repository/com/google/guava/listenablefuture/9999.0-empty-to-avoid-conflict-with-guava/listenablefuture-9999.0-empty-to-avoid-conflict-with-guava.jar:/Users/vuongnguyenanhdat/.m2/repository/com/google/j2objc/j2objc-annotations/3.0.0/j2objc-annotations-3.0.0.jar:/Users/vuongnguyenanhdat/.m2/repository/com/opencsv/opencsv/5.9/opencsv-5.9.jar:/Users/vuongnguyenanhdat/.m2/repository/com/zaxxer/SparseBitSet/1.3/SparseBitSet-1.3.jar:/Users/vuongnguyenanhdat/.m2/repository/commons-beanutils/commons-beanutils/1.9.4/commons-beanutils-1.9.4.jar:/Users/vuongnguyenanhdat/.m2/repository/commons-codec/commons-codec/1.16.0/commons-codec-1.16.0.jar:/Users/vuongnguyenanhdat/.m2/repository/commons-collections/commons-collections/3.2.2/commons-collections-3.2.2.jar:/Users/vuongnguyenanhdat/.m2/repository/commons-io/commons-io/2.15.0/commons-io-2.15.0.jar:/Users/vuongnguyenanhdat/.m2/repository/commons-logging/commons-logging/1.2/commons-logging-1.2.jar:/Users/vuongnguyenanhdat/.m2/repository/dev/failsafe/failsafe/3.3.2/failsafe-3.3.2.jar:/Users/vuongnguyenanhdat/.m2/repository/io/github/bonigarcia/webdrivermanager/5.9.2/webdrivermanager-5.9.2.jar:/Users/vuongnguyenanhdat/.m2/repository/io/opentelemetry/opentelemetry-api/1.44.1/opentelemetry-api-1.44.1.jar:/Users/vuongnguyenanhdat/.m2/repository/io/opentelemetry/opentelemetry-api-incubator/1.44.1-alpha/opentelemetry-api-incubator-1.44.1-alpha.jar:/Users/vuongnguyenanhdat/.m2/repository/io/opentelemetry/opentelemetry-context/1.44.1/opentelemetry-context-1.44.1.jar:/Users/vuongnguyenanhdat/.m2/repository/io/opentelemetry/opentelemetry-exporter-logging/1.44.1/opentelemetry-exporter-logging-1.44.1.jar:/Users/vuongnguyenanhdat/.m2/repository/io/opentelemetry/opentelemetry-sdk/1.44.1/opentelemetry-sdk-1.44.1.jar:/Users/vuongnguyenanhdat/.m2/repository/io/opentelemetry/opentelemetry-sdk-common/1.44.1/opentelemetry-sdk-common-1.44.1.jar:/Users/vuongnguyenanhdat/.m2/repository/io/opentelemetry/opentelemetry-sdk-extension-autoconfigure/1.44.1/opentelemetry-sdk-extension-autoconfigure-1.44.1.jar:/Users/vuongnguyenanhdat/.m2/repository/io/opentelemetry/opentelemetry-sdk-extension-autoconfigure-spi/1.44.1/opentelemetry-sdk-extension-autoconfigure-spi-1.44.1.jar:/Users/vuongnguyenanhdat/.m2/repository/io/opentelemetry/opentelemetry-sdk-logs/1.44.1/opentelemetry-sdk-logs-1.44.1.jar:/Users/vuongnguyenanhdat/.m2/repository/io/opentelemetry/opentelemetry-sdk-metrics/1.44.1/opentelemetry-sdk-metrics-1.44.1.jar:/Users/vuongnguyenanhdat/.m2/repository/io/opentelemetry/opentelemetry-sdk-trace/1.44.1/opentelemetry-sdk-trace-1.44.1.jar:/Users/vuongnguyenanhdat/.m2/repository/io/opentelemetry/semconv/opentelemetry-semconv/1.25.0-alpha/opentelemetry-semconv-1.25.0-alpha.jar:/Users/vuongnguyenanhdat/.m2/repository/net/bytebuddy/byte-buddy/1.15.10/byte-buddy-1.15.10.jar:/Users/vuongnguyenanhdat/.m2/repository/net/java/dev/jna/jna/5.13.0/jna-5.13.0.jar:/Users/vuongnguyenanhdat/.m2/repository/org/apache/commons/commons-collections4/4.4/commons-collections4-4.4.jar:/Users/vuongnguyenanhdat/.m2/repository/org/apache/commons/commons-compress/1.25.0/commons-compress-1.25.0.jar:/Users/vuongnguyenanhdat/.m2/repository/org/apache/commons/commons-csv/1.10.0/commons-csv-1.10.0.jar:/Users/vuongnguyenanhdat/.m2/repository/org/apache/commons/commons-exec/1.4.0/commons-exec-1.4.0.jar:/Users/vuongnguyenanhdat/.m2/repository/org/apache/commons/commons-lang3/3.13.0/commons-lang3-3.13.0.jar:/Users/vuongnguyenanhdat/.m2/repository/org/apache/commons/commons-math3/3.6.1/commons-math3-3.6.1.jar:/Users/vuongnguyenanhdat/.m2/repository/org/apache/commons/commons-text/1.11.0/commons-text-1.11.0.jar:/Users/vuongnguyenanhdat/.m2/repository/org/apache/httpcomponents/client5/httpclient5/5.2.1/httpclient5-5.2.1.jar:/Users/vuongnguyenanhdat/.m2/repository/org/apache/httpcomponents/core5/httpcore5/5.2/httpcore5-5.2.jar:/Users/vuongnguyenanhdat/.m2/repository/org/apache/httpcomponents/core5/httpcore5-h2/5.2/httpcore5-h2-5.2.jar:/Users/vuongnguyenanhdat/.m2/repository/org/apache/logging/log4j/log4j-api/2.21.1/log4j-api-2.21.1.jar:/Users/vuongnguyenanhdat/.m2/repository/org/apache/poi/poi/5.2.5/poi-5.2.5.jar:/Users/vuongnguyenanhdat/.m2/repository/org/apache/poi/poi-ooxml/5.2.5/poi-ooxml-5.2.5.jar:/Users/vuongnguyenanhdat/.m2/repository/org/apache/poi/poi-ooxml-lite/5.2.5/poi-ooxml-lite-5.2.5.jar:/Users/vuongnguyenanhdat/.m2/repository/org/apache/xmlbeans/xmlbeans/5.2.0/xmlbeans-5.2.0.jar:/Users/vuongnguyenanhdat/.m2/repository/org/brotli/dec/0.1.2/dec-0.1.2.jar:/Users/vuongnguyenanhdat/.m2/repository/org/checkerframework/checker-qual/3.43.0/checker-qual-3.43.0.jar:/Users/vuongnguyenanhdat/.m2/repository/org/jsoup/jsoup/1.17.2/jsoup-1.17.2.jar:/Users/vuongnguyenanhdat/.m2/repository/org/jspecify/jspecify/1.0.0/jspecify-1.0.0.jar:/Users/vuongnguyenanhdat/.m2/repository/org/seleniumhq/selenium/selenium-api/4.27.0/selenium-api-4.27.0.jar:/Users/vuongnguyenanhdat/.m2/repository/org/seleniumhq/selenium/selenium-chrome-driver/4.27.0/selenium-chrome-driver-4.27.0.jar:/Users/vuongnguyenanhdat/.m2/repository/org/seleniumhq/selenium/selenium-chromium-driver/4.27.0/selenium-chromium-driver-4.27.0.jar:/Users/vuongnguyenanhdat/.m2/repository/org/seleniumhq/selenium/selenium-devtools-v129/4.27.0/selenium-devtools-v129-4.27.0.jar:/Users/vuongnguyenanhdat/.m2/repository/org/seleniumhq/selenium/selenium-devtools-v130/4.27.0/selenium-devtools-v130-4.27.0.jar:/Users/vuongnguyenanhdat/.m2/repository/org/seleniumhq/selenium/selenium-devtools-v131/4.27.0/selenium-devtools-v131-4.27.0.jar:/Users/vuongnguyenanhdat/.m2/repository/org/seleniumhq/selenium/selenium-devtools-v85/4.27.0/selenium-devtools-v85-4.27.0.jar:/Users/vuongnguyenanhdat/.m2/repository/org/seleniumhq/selenium/selenium-edge-driver/4.27.0/selenium-edge-driver-4.27.0.jar:/Users/vuongnguyenanhdat/.m2/repository/org/seleniumhq/selenium/selenium-firefox-driver/4.27.0/selenium-firefox-driver-4.27.0.jar:/Users/vuongnguyenanhdat/.m2/repository/org/seleniumhq/selenium/selenium-http/4.27.0/selenium-http-4.27.0.jar:/Users/vuongnguyenanhdat/.m2/repository/org/seleniumhq/selenium/selenium-ie-driver/4.27.0/selenium-ie-driver-4.27.0.jar:/Users/vuongnguyenanhdat/.m2/repository/org/seleniumhq/selenium/selenium-java/4.27.0/selenium-java-4.27.0.jar:/Users/vuongnguyenanhdat/.m2/repository/org/seleniumhq/selenium/selenium-json/4.27.0/selenium-json-4.27.0.jar:/Users/vuongnguyenanhdat/.m2/repository/org/seleniumhq/selenium/selenium-manager/4.27.0/selenium-manager-4.27.0.jar:/Users/vuongnguyenanhdat/.m2/repository/org/seleniumhq/selenium/selenium-os/4.27.0/selenium-os-4.27.0.jar:/Users/vuongnguyenanhdat/.m2/repository/org/seleniumhq/selenium/selenium-remote-driver/4.27.0/selenium-remote-driver-4.27.0.jar:/Users/vuongnguyenanhdat/.m2/repository/org/seleniumhq/selenium/selenium-safari-driver/4.27.0/selenium-safari-driver-4.27.0.jar:/Users/vuongnguyenanhdat/.m2/repository/org/seleniumhq/selenium/selenium-support/4.27.0/selenium-support-4.27.0.jar:/Users/vuongnguyenanhdat/.m2/repository/org/slf4j/jcl-over-slf4j/1.7.30/jcl-over-slf4j-1.7.30.jar:/Users/vuongnguyenanhdat/.m2/repository/org/slf4j/slf4j-api/2.0.13/slf4j-api-2.0.13.jar
  module root = /Users/vuongnguyenanhdat/Documents/project copy/demo
Dec 20, 2025 8:51:54 PM javafx.fxml.FXMLLoader$ValueElement processValue
WARNING: Loading FXML document with JavaFX API of version 25 by JavaFX runtime of version 21.0.1
No post-load refresh method found on controller. Consider adding one of: [onGuiReady, refreshUI, reloadData, loadData, updateCharts, initializeData] with signature (Path|String|void).
Đã lưu dữ liệu JSON thành công.
Dec 20, 2025 8:51:58 PM javafx.fxml.FXMLLoader$ValueElement processValue
WARNING: Loading FXML document with JavaFX API of version 25 by JavaFX runtime of version 21.0.1

[0] Target file found: /Users/vuongnguyenanhdat/Documents/project copy/demo/results_2025-12-13_11-45-27.csv

[1] Running Data Processor...
Đang đọc cấu hình từ file: input_data.json ...
============================================
Input File : /Users/vuongnguyenanhdat/Documents/project copy/demo/results_2025-12-13_11-45-27.csv
Từ khoá    : matmo
Thời gian  : null -> null
============================================
Đang xử lý dữ liệu...
Hoàn tất! File sạch đã được lưu tại: cleaned_results_2025-12-13_11-45-27.csv
Processed output: /Users/vuongnguyenanhdat/Documents/project copy/demo/cleaned_results_2025-12-13_11-45-27.csv

[2] Running Python Model...
Using Python: python3
Using Script: /Users/vuongnguyenanhdat/Documents/project copy/demo/src/main/java/com/demo/Model/Model/main.py
[Python] Device set to use mps:0
[Python] Processing file: --csv
[Python] Using input file: /Users/vuongnguyenanhdat/Documents/project copy/demo/cleaned_results_2025-12-13_11-45-27.csv
[Python] 🔧 Loading sentiment pipeline: wonrax/phobert-base-vietnamese-sentiment
[Python] 
[Python] ======================================================================
[Python] 🚀 ADVANCED DISASTER ANALYSIS PIPELINE
[Python] ======================================================================
[Python] 
[Python] 📂 BƯỚC 1: Load dữ liệu
[Python]    ✅ Đã load 59 posts
[Python] 
[Python] 😊 BƯỚC 2: Phân tích tâm lý (Bài toán 1)
[Python] 🔄 Đang phân tích tâm lý cho 59 posts...
[Python] ✅ Hoàn thành phân tích tâm lý
[Python] 
[Python] 🏚️ BƯỚC 3: Phân loại thiệt hại (Bài toán 2)
[Python] 🔄 Đang phân loại thiệt hại cho 59 posts...
[Python] ✅ Hoàn thành phân loại thiệt hại
[Python] 
[Python] 📊 BƯỚC 4: Tạo báo cáo phân tích
[Python] 📊 Đã lưu báo cáo sentiment: ./results/sentiment_timeline.csv
[Python] 📊 Đã lưu báo cáo damage: ./results/damage_statistics.csv
[Python] 💾 Đã lưu processed posts: ./results/processed_posts.json
[Python] 
[Python] ✅ HOÀN THÀNH! Kết quả lưu tại: ./results
[Python] 
[Python] ======================================================================
[Python] 📋 TÓM TẮT KẾT QUẢ PHÂN TÍCH
[Python] ======================================================================
[Python] 
[Python] 🎭 PHÂN TÍCH TÂM LÝ (Bài toán 1):
[Python]    🗓️  Khoảng thời gian: 2025-09-30 → 2025-11-06
[Python]    📝 Tổng số posts: 59
[Python]    😊 Tích cực: 0 (0.0%)
[Python]    😢 Tiêu cực: 0 (0.0%)
[Python]    😐 Trung lập: 59 (100.0%)
[Python] 
[Python] 🏚️ PHÂN LOẠI THIỆT HẠI (Bài toán 2):
[Python]    📊 TOP 5 LOẠI THIỆT HẠI:
[Python]       1. Người bị ảnh hưởng: 28 posts (47.5%) - Confidence: 0.619
[Python]       2. Cơ sở hạ tầng bị hư hỏng: 26 posts (44.1%) - Confidence: 0.564
[Python]       3. Nhà cửa bị hư hỏng: 25 posts (42.4%) - Confidence: 0.453
[Python]       4. Tài sản bị mất: 19 posts (32.2%) - Confidence: 0.351
[Python]       5. Khác: 15 posts (25.4%) - Confidence: 1.000
[Python] Analysis completed successfully!

=== PIPELINE FINISHED SUCCESSFULLY ===
Dec 20, 2025 8:52:08 PM javafx.fxml.FXMLLoader$ValueElement processValue
WARNING: Loading FXML document with JavaFX API of version 25 by JavaFX runtime of version 21.0.1
Dec 20, 2025 8:52:09 PM javafx.fxml.FXMLLoader$ValueElement processValue
WARNING: Loading FXML document with JavaFX API of version 25 by JavaFX runtime of version 21.0.1
Dec 20, 2025 8:52:10 PM javafx.fxml.FXMLLoader$ValueElement processValue
WARNING: Loading FXML document with JavaFX API of version 25 by JavaFX runtime of version 21.0.1
Dec 20, 2025 8:52:11 PM javafx.fxml.FXMLLoader$ValueElement processValue
WARNING: Loading FXML document with JavaFX API of version 25 by JavaFX runtime of version 21.0.1
Giao diện đã khởi tạo, đang load dữ liệu...
Dec 20, 2025 8:52:11 PM javafx.fxml.FXMLLoader$ValueElement processValue
WARNING: Loading FXML document with JavaFX API of version 25 by JavaFX runtime of version 21.0.1
Logging initialized to: /Users/vuongnguyenanhdat/Documents/project copy/demo/app-debug.log
Startup diagnostics:
  user.dir = /Users/vuongnguyenanhdat/Documents/project copy/demo
  java.class.path = /Users/vuongnguyenanhdat/Documents/project copy/demo/target/classes:/Users/vuongnguyenanhdat/.m2/repository/com/fasterxml/jackson/core/jackson-annotations/2.15.2/jackson-annotations-2.15.2.jar:/Users/vuongnguyenanhdat/.m2/repository/com/fasterxml/jackson/core/jackson-core/2.15.2/jackson-core-2.15.2.jar:/Users/vuongnguyenanhdat/.m2/repository/com/fasterxml/jackson/core/jackson-databind/2.15.2/jackson-databind-2.15.2.jar:/Users/vuongnguyenanhdat/.m2/repository/com/github/docker-java/docker-java/3.4.0/docker-java-3.4.0.jar:/Users/vuongnguyenanhdat/.m2/repository/com/github/docker-java/docker-java-api/3.4.0/docker-java-api-3.4.0.jar:/Users/vuongnguyenanhdat/.m2/repository/com/github/docker-java/docker-java-core/3.4.0/docker-java-core-3.4.0.jar:/Users/vuongnguyenanhdat/.m2/repository/com/github/docker-java/docker-java-transport/3.4.0/docker-java-transport-3.4.0.jar:/Users/vuongnguyenanhdat/.m2/repository/com/github/docker-java/docker-java-transport-httpclient5/3.4.0/docker-java-transport-httpclient5-3.4.0.jar:/Users/vuongnguyenanhdat/.m2/repository/com/github/virtuald/curvesapi/1.08/curvesapi-1.08.jar:/Users/vuongnguyenanhdat/.m2/repository/com/google/auto/service/auto-service-annotations/1.1.1/auto-service-annotations-1.1.1.jar:/Users/vuongnguyenanhdat/.m2/repository/com/google/code/findbugs/jsr305/3.0.2/jsr305-3.0.2.jar:/Users/vuongnguyenanhdat/.m2/repository/com/google/code/gson/gson/2.10.1/gson-2.10.1.jar:/Users/vuongnguyenanhdat/.m2/repository/com/google/errorprone/error_prone_annotations/2.28.0/error_prone_annotations-2.28.0.jar:/Users/vuongnguyenanhdat/.m2/repository/com/google/guava/failureaccess/1.0.2/failureaccess-1.0.2.jar:/Users/vuongnguyenanhdat/.m2/repository/com/google/guava/guava/33.3.1-jre/guava-33.3.1-jre.jar:/Users/vuongnguyenanhdat/.m2/repository/com/google/guava/listenablefuture/9999.0-empty-to-avoid-conflict-with-guava/listenablefuture-9999.0-empty-to-avoid-conflict-with-guava.jar:/Users/vuongnguyenanhdat/.m2/repository/com/google/j2objc/j2objc-annotations/3.0.0/j2objc-annotations-3.0.0.jar:/Users/vuongnguyenanhdat/.m2/repository/com/opencsv/opencsv/5.9/opencsv-5.9.jar:/Users/vuongnguyenanhdat/.m2/repository/com/zaxxer/SparseBitSet/1.3/SparseBitSet-1.3.jar:/Users/vuongnguyenanhdat/.m2/repository/commons-beanutils/commons-beanutils/1.9.4/commons-beanutils-1.9.4.jar:/Users/vuongnguyenanhdat/.m2/repository/commons-codec/commons-codec/1.16.0/commons-codec-1.16.0.jar:/Users/vuongnguyenanhdat/.m2/repository/commons-collections/commons-collections/3.2.2/commons-collections-3.2.2.jar:/Users/vuongnguyenanhdat/.m2/repository/commons-io/commons-io/2.15.0/commons-io-2.15.0.jar:/Users/vuongnguyenanhdat/.m2/repository/commons-logging/commons-logging/1.2/commons-logging-1.2.jar:/Users/vuongnguyenanhdat/.m2/repository/dev/failsafe/failsafe/3.3.2/failsafe-3.3.2.jar:/Users/vuongnguyenanhdat/.m2/repository/io/github/bonigarcia/webdrivermanager/5.9.2/webdrivermanager-5.9.2.jar:/Users/vuongnguyenanhdat/.m2/repository/io/opentelemetry/opentelemetry-api/1.44.1/opentelemetry-api-1.44.1.jar:/Users/vuongnguyenanhdat/.m2/repository/io/opentelemetry/opentelemetry-api-incubator/1.44.1-alpha/opentelemetry-api-incubator-1.44.1-alpha.jar:/Users/vuongnguyenanhdat/.m2/repository/io/opentelemetry/opentelemetry-context/1.44.1/opentelemetry-context-1.44.1.jar:/Users/vuongnguyenanhdat/.m2/repository/io/opentelemetry/opentelemetry-exporter-logging/1.44.1/opentelemetry-exporter-logging-1.44.1.jar:/Users/vuongnguyenanhdat/.m2/repository/io/opentelemetry/opentelemetry-sdk/1.44.1/opentelemetry-sdk-1.44.1.jar:/Users/vuongnguyenanhdat/.m2/repository/io/opentelemetry/opentelemetry-sdk-common/1.44.1/opentelemetry-sdk-common-1.44.1.jar:/Users/vuongnguyenanhdat/.m2/repository/io/opentelemetry/opentelemetry-sdk-extension-autoconfigure/1.44.1/opentelemetry-sdk-extension-autoconfigure-1.44.1.jar:/Users/vuongnguyenanhdat/.m2/repository/io/opentelemetry/opentelemetry-sdk-extension-autoconfigure-spi/1.44.1/opentelemetry-sdk-extension-autoconfigure-spi-1.44.1.jar:/Users/vuongnguyenanhdat/.m2/repository/io/opentelemetry/opentelemetry-sdk-logs/1.44.1/opentelemetry-sdk-logs-1.44.1.jar:/Users/vuongnguyenanhdat/.m2/repository/io/opentelemetry/opentelemetry-sdk-metrics/1.44.1/opentelemetry-sdk-metrics-1.44.1.jar:/Users/vuongnguyenanhdat/.m2/repository/io/opentelemetry/opentelemetry-sdk-trace/1.44.1/opentelemetry-sdk-trace-1.44.1.jar:/Users/vuongnguyenanhdat/.m2/repository/io/opentelemetry/semconv/opentelemetry-semconv/1.25.0-alpha/opentelemetry-semconv-1.25.0-alpha.jar:/Users/vuongnguyenanhdat/.m2/repository/net/bytebuddy/byte-buddy/1.15.10/byte-buddy-1.15.10.jar:/Users/vuongnguyenanhdat/.m2/repository/net/java/dev/jna/jna/5.13.0/jna-5.13.0.jar:/Users/vuongnguyenanhdat/.m2/repository/org/apache/commons/commons-collections4/4.4/commons-collections4-4.4.jar:/Users/vuongnguyenanhdat/.m2/repository/org/apache/commons/commons-compress/1.25.0/commons-compress-1.25.0.jar:/Users/vuongnguyenanhdat/.m2/repository/org/apache/commons/commons-csv/1.10.0/commons-csv-1.10.0.jar:/Users/vuongnguyenanhdat/.m2/repository/org/apache/commons/commons-exec/1.4.0/commons-exec-1.4.0.jar:/Users/vuongnguyenanhdat/.m2/repository/org/apache/commons/commons-lang3/3.13.0/commons-lang3-3.13.0.jar:/Users/vuongnguyenanhdat/.m2/repository/org/apache/commons/commons-math3/3.6.1/commons-math3-3.6.1.jar:/Users/vuongnguyenanhdat/.m2/repository/org/apache/commons/commons-text/1.11.0/commons-text-1.11.0.jar:/Users/vuongnguyenanhdat/.m2/repository/org/apache/httpcomponents/client5/httpclient5/5.2.1/httpclient5-5.2.1.jar:/Users/vuongnguyenanhdat/.m2/repository/org/apache/httpcomponents/core5/httpcore5/5.2/httpcore5-5.2.jar:/Users/vuongnguyenanhdat/.m2/repository/org/apache/httpcomponents/core5/httpcore5-h2/5.2/httpcore5-h2-5.2.jar:/Users/vuongnguyenanhdat/.m2/repository/org/apache/logging/log4j/log4j-api/2.21.1/log4j-api-2.21.1.jar:/Users/vuongnguyenanhdat/.m2/repository/org/apache/poi/poi/5.2.5/poi-5.2.5.jar:/Users/vuongnguyenanhdat/.m2/repository/org/apache/poi/poi-ooxml/5.2.5/poi-ooxml-5.2.5.jar:/Users/vuongnguyenanhdat/.m2/repository/org/apache/poi/poi-ooxml-lite/5.2.5/poi-ooxml-lite-5.2.5.jar:/Users/vuongnguyenanhdat/.m2/repository/org/apache/xmlbeans/xmlbeans/5.2.0/xmlbeans-5.2.0.jar:/Users/vuongnguyenanhdat/.m2/repository/org/brotli/dec/0.1.2/dec-0.1.2.jar:/Users/vuongnguyenanhdat/.m2/repository/org/checkerframework/checker-qual/3.43.0/checker-qual-3.43.0.jar:/Users/vuongnguyenanhdat/.m2/repository/org/jsoup/jsoup/1.17.2/jsoup-1.17.2.jar:/Users/vuongnguyenanhdat/.m2/repository/org/jspecify/jspecify/1.0.0/jspecify-1.0.0.jar:/Users/vuongnguyenanhdat/.m2/repository/org/seleniumhq/selenium/selenium-api/4.27.0/selenium-api-4.27.0.jar:/Users/vuongnguyenanhdat/.m2/repository/org/seleniumhq/selenium/selenium-chrome-driver/4.27.0/selenium-chrome-driver-4.27.0.jar:/Users/vuongnguyenanhdat/.m2/repository/org/seleniumhq/selenium/selenium-chromium-driver/4.27.0/selenium-chromium-driver-4.27.0.jar:/Users/vuongnguyenanhdat/.m2/repository/org/seleniumhq/selenium/selenium-devtools-v129/4.27.0/selenium-devtools-v129-4.27.0.jar:/Users/vuongnguyenanhdat/.m2/repository/org/seleniumhq/selenium/selenium-devtools-v130/4.27.0/selenium-devtools-v130-4.27.0.jar:/Users/vuongnguyenanhdat/.m2/repository/org/seleniumhq/selenium/selenium-devtools-v131/4.27.0/selenium-devtools-v131-4.27.0.jar:/Users/vuongnguyenanhdat/.m2/repository/org/seleniumhq/selenium/selenium-devtools-v85/4.27.0/selenium-devtools-v85-4.27.0.jar:/Users/vuongnguyenanhdat/.m2/repository/org/seleniumhq/selenium/selenium-edge-driver/4.27.0/selenium-edge-driver-4.27.0.jar:/Users/vuongnguyenanhdat/.m2/repository/org/seleniumhq/selenium/selenium-firefox-driver/4.27.0/selenium-firefox-driver-4.27.0.jar:/Users/vuongnguyenanhdat/.m2/repository/org/seleniumhq/selenium/selenium-http/4.27.0/selenium-http-4.27.0.jar:/Users/vuongnguyenanhdat/.m2/repository/org/seleniumhq/selenium/selenium-ie-driver/4.27.0/selenium-ie-driver-4.27.0.jar:/Users/vuongnguyenanhdat/.m2/repository/org/seleniumhq/selenium/selenium-java/4.27.0/selenium-java-4.27.0.jar:/Users/vuongnguyenanhdat/.m2/repository/org/seleniumhq/selenium/selenium-json/4.27.0/selenium-json-4.27.0.jar:/Users/vuongnguyenanhdat/.m2/repository/org/seleniumhq/selenium/selenium-manager/4.27.0/selenium-manager-4.27.0.jar:/Users/vuongnguyenanhdat/.m2/repository/org/seleniumhq/selenium/selenium-os/4.27.0/selenium-os-4.27.0.jar:/Users/vuongnguyenanhdat/.m2/repository/org/seleniumhq/selenium/selenium-remote-driver/4.27.0/selenium-remote-driver-4.27.0.jar:/Users/vuongnguyenanhdat/.m2/repository/org/seleniumhq/selenium/selenium-safari-driver/4.27.0/selenium-safari-driver-4.27.0.jar:/Users/vuongnguyenanhdat/.m2/repository/org/seleniumhq/selenium/selenium-support/4.27.0/selenium-support-4.27.0.jar:/Users/vuongnguyenanhdat/.m2/repository/org/slf4j/jcl-over-slf4j/1.7.30/jcl-over-slf4j-1.7.30.jar:/Users/vuongnguyenanhdat/.m2/repository/org/slf4j/slf4j-api/2.0.13/slf4j-api-2.0.13.jar
  module root = /Users/vuongnguyenanhdat/Documents/project copy/demo
Dec 20, 2025 9:02:25 PM javafx.fxml.FXMLLoader$ValueElement processValue
WARNING: Loading FXML document with JavaFX API of version 25 by JavaFX runtime of version 21.0.1
No post-load refresh method found on controller. Consider adding one of: [onGuiReady, refreshUI, reloadData, loadData, updateCharts, initializeData] with signature (Path|String|void).
Đã lưu dữ liệu JSON thành công.
Dec 20, 2025 9:02:28 PM javafx.fxml.FXMLLoader$ValueElement processValue
WARNING: Loading FXML document with JavaFX API of version 25 by JavaFX runtime of version 21.0.1

[0] Target file found: /Users/vuongnguyenanhdat/Documents/project copy/demo/results_2025-12-13_11-45-27.csv

[1] Running Data Processor...
Đang đọc cấu hình từ file: input_data.json ...
============================================
Input File : /Users/vuongnguyenanhdat/Documents/project copy/demo/results_2025-12-13_11-45-27.csv
Từ khoá    : matmo
Thời gian  : null -> null
============================================
Đang xử lý dữ liệu...
Hoàn tất! File sạch đã được lưu tại: cleaned_results_2025-12-13_11-45-27.csv
Processed output: /Users/vuongnguyenanhdat/Documents/project copy/demo/cleaned_results_2025-12-13_11-45-27.csv

[2] Running Python Model...
Using Python: python3
Using Script: /Users/vuongnguyenanhdat/Documents/project copy/demo/src/main/java/com/demo/Model/Model/main.py
[Python] Device set to use mps:0
[Python] Processing file: --csv
[Python] Using input file: /Users/vuongnguyenanhdat/Documents/project copy/demo/cleaned_results_2025-12-13_11-45-27.csv
[Python] 🔧 Loading sentiment pipeline: wonrax/phobert-base-vietnamese-sentiment
[Python] 
[Python] ======================================================================
[Python] 🚀 ADVANCED DISASTER ANALYSIS PIPELINE
[Python] ======================================================================
[Python] 
[Python] 📂 BƯỚC 1: Load dữ liệu
[Python]    ✅ Đã load 59 posts
[Python] 
[Python] 😊 BƯỚC 2: Phân tích tâm lý (Bài toán 1)
[Python] 🔄 Đang phân tích tâm lý cho 59 posts...
[Python] ✅ Hoàn thành phân tích tâm lý
[Python] 
[Python] 🏚️ BƯỚC 3: Phân loại thiệt hại (Bài toán 2)
[Python] 🔄 Đang phân loại thiệt hại cho 59 posts...
[Python] ✅ Hoàn thành phân loại thiệt hại
[Python] 
[Python] 📊 BƯỚC 4: Tạo báo cáo phân tích
[Python] 📊 Đã lưu báo cáo sentiment: ./results/sentiment_timeline.csv
[Python] 📊 Đã lưu báo cáo damage: ./results/damage_statistics.csv
[Python] 💾 Đã lưu processed posts: ./results/processed_posts.json
[Python] 
[Python] ✅ HOÀN THÀNH! Kết quả lưu tại: ./results
[Python] 
[Python] ======================================================================
[Python] 📋 TÓM TẮT KẾT QUẢ PHÂN TÍCH
[Python] ======================================================================
[Python] 
[Python] 🎭 PHÂN TÍCH TÂM LÝ (Bài toán 1):
[Python]    🗓️  Khoảng thời gian: 2025-09-30 → 2025-11-06
[Python]    📝 Tổng số posts: 59
[Python]    😊 Tích cực: 0 (0.0%)
[Python]    😢 Tiêu cực: 0 (0.0%)
[Python]    😐 Trung lập: 59 (100.0%)
[Python] 
[Python] 🏚️ PHÂN LOẠI THIỆT HẠI (Bài toán 2):
[Python]    📊 TOP 5 LOẠI THIỆT HẠI:
[Python]       1. Người bị ảnh hưởng: 28 posts (47.5%) - Confidence: 0.619
[Python]       2. Cơ sở hạ tầng bị hư hỏng: 26 posts (44.1%) - Confidence: 0.564
[Python]       3. Nhà cửa bị hư hỏng: 25 posts (42.4%) - Confidence: 0.453
[Python]       4. Tài sản bị mất: 19 posts (32.2%) - Confidence: 0.351
[Python]       5. Khác: 15 posts (25.4%) - Confidence: 1.000
[Python] Analysis completed successfully!

=== PIPELINE FINISHED SUCCESSFULLY ===
Dec 20, 2025 9:02:40 PM javafx.fxml.FXMLLoader$ValueElement processValue
WARNING: Loading FXML document with JavaFX API of version 25 by JavaFX runtime of version 21.0.1
Dec 20, 2025 9:02:40 PM javafx.fxml.FXMLLoader$ValueElement processValue
WARNING: Loading FXML document with JavaFX API of version 25 by JavaFX runtime of version 21.0.1
Dec 20, 2025 9:02:42 PM javafx.fxml.FXMLLoader$ValueElement processValue
WARNING: Loading FXML document with JavaFX API of version 25 by JavaFX runtime of version 21.0.1
Logging initialized to: /Users/vuongnguyenanhdat/Documents/project copy/demo/app-debug.log
Startup diagnostics:
  user.dir = /Users/vuongnguyenanhdat/Documents/project copy/demo
  java.class.path = /Users/vuongnguyenanhdat/Documents/project copy/demo/target/classes:/Users/vuongnguyenanhdat/.m2/repository/com/fasterxml/jackson/core/jackson-annotations/2.15.2/jackson-annotations-2.15.2.jar:/Users/vuongnguyenanhdat/.m2/repository/com/fasterxml/jackson/core/jackson-core/2.15.2/jackson-core-2.15.2.jar:/Users/vuongnguyenanhdat/.m2/repository/com/fasterxml/jackson/core/jackson-databind/2.15.2/jackson-databind-2.15.2.jar:/Users/vuongnguyenanhdat/.m2/repository/com/github/docker-java/docker-java/3.4.0/docker-java-3.4.0.jar:/Users/vuongnguyenanhdat/.m2/repository/com/github/docker-java/docker-java-api/3.4.0/docker-java-api-3.4.0.jar:/Users/vuongnguyenanhdat/.m2/repository/com/github/docker-java/docker-java-core/3.4.0/docker-java-core-3.4.0.jar:/Users/vuongnguyenanhdat/.m2/repository/com/github/docker-java/docker-java-transport/3.4.0/docker-java-transport-3.4.0.jar:/Users/vuongnguyenanhdat/.m2/repository/com/github/docker-java/docker-java-transport-httpclient5/3.4.0/docker-java-transport-httpclient5-3.4.0.jar:/Users/vuongnguyenanhdat/.m2/repository/com/github/virtuald/curvesapi/1.08/curvesapi-1.08.jar:/Users/vuongnguyenanhdat/.m2/repository/com/google/auto/service/auto-service-annotations/1.1.1/auto-service-annotations-1.1.1.jar:/Users/vuongnguyenanhdat/.m2/repository/com/google/code/findbugs/jsr305/3.0.2/jsr305-3.0.2.jar:/Users/vuongnguyenanhdat/.m2/repository/com/google/code/gson/gson/2.10.1/gson-2.10.1.jar:/Users/vuongnguyenanhdat/.m2/repository/com/google/errorprone/error_prone_annotations/2.28.0/error_prone_annotations-2.28.0.jar:/Users/vuongnguyenanhdat/.m2/repository/com/google/guava/failureaccess/1.0.2/failureaccess-1.0.2.jar:/Users/vuongnguyenanhdat/.m2/repository/com/google/guava/guava/33.3.1-jre/guava-33.3.1-jre.jar:/Users/vuongnguyenanhdat/.m2/repository/com/google/guava/listenablefuture/9999.0-empty-to-avoid-conflict-with-guava/listenablefuture-9999.0-empty-to-avoid-conflict-with-guava.jar:/Users/vuongnguyenanhdat/.m2/repository/com/google/j2objc/j2objc-annotations/3.0.0/j2objc-annotations-3.0.0.jar:/Users/vuongnguyenanhdat/.m2/repository/com/opencsv/opencsv/5.9/opencsv-5.9.jar:/Users/vuongnguyenanhdat/.m2/repository/com/zaxxer/SparseBitSet/1.3/SparseBitSet-1.3.jar:/Users/vuongnguyenanhdat/.m2/repository/commons-beanutils/commons-beanutils/1.9.4/commons-beanutils-1.9.4.jar:/Users/vuongnguyenanhdat/.m2/repository/commons-codec/commons-codec/1.16.0/commons-codec-1.16.0.jar:/Users/vuongnguyenanhdat/.m2/repository/commons-collections/commons-collections/3.2.2/commons-collections-3.2.2.jar:/Users/vuongnguyenanhdat/.m2/repository/commons-io/commons-io/2.15.0/commons-io-2.15.0.jar:/Users/vuongnguyenanhdat/.m2/repository/commons-logging/commons-logging/1.2/commons-logging-1.2.jar:/Users/vuongnguyenanhdat/.m2/repository/dev/failsafe/failsafe/3.3.2/failsafe-3.3.2.jar:/Users/vuongnguyenanhdat/.m2/repository/io/github/bonigarcia/webdrivermanager/5.9.2/webdrivermanager-5.9.2.jar:/Users/vuongnguyenanhdat/.m2/repository/io/opentelemetry/opentelemetry-api/1.44.1/opentelemetry-api-1.44.1.jar:/Users/vuongnguyenanhdat/.m2/repository/io/opentelemetry/opentelemetry-api-incubator/1.44.1-alpha/opentelemetry-api-incubator-1.44.1-alpha.jar:/Users/vuongnguyenanhdat/.m2/repository/io/opentelemetry/opentelemetry-context/1.44.1/opentelemetry-context-1.44.1.jar:/Users/vuongnguyenanhdat/.m2/repository/io/opentelemetry/opentelemetry-exporter-logging/1.44.1/opentelemetry-exporter-logging-1.44.1.jar:/Users/vuongnguyenanhdat/.m2/repository/io/opentelemetry/opentelemetry-sdk/1.44.1/opentelemetry-sdk-1.44.1.jar:/Users/vuongnguyenanhdat/.m2/repository/io/opentelemetry/opentelemetry-sdk-common/1.44.1/opentelemetry-sdk-common-1.44.1.jar:/Users/vuongnguyenanhdat/.m2/repository/io/opentelemetry/opentelemetry-sdk-extension-autoconfigure/1.44.1/opentelemetry-sdk-extension-autoconfigure-1.44.1.jar:/Users/vuongnguyenanhdat/.m2/repository/io/opentelemetry/opentelemetry-sdk-extension-autoconfigure-spi/1.44.1/opentelemetry-sdk-extension-autoconfigure-spi-1.44.1.jar:/Users/vuongnguyenanhdat/.m2/repository/io/opentelemetry/opentelemetry-sdk-logs/1.44.1/opentelemetry-sdk-logs-1.44.1.jar:/Users/vuongnguyenanhdat/.m2/repository/io/opentelemetry/opentelemetry-sdk-metrics/1.44.1/opentelemetry-sdk-metrics-1.44.1.jar:/Users/vuongnguyenanhdat/.m2/repository/io/opentelemetry/opentelemetry-sdk-trace/1.44.1/opentelemetry-sdk-trace-1.44.1.jar:/Users/vuongnguyenanhdat/.m2/repository/io/opentelemetry/semconv/opentelemetry-semconv/1.25.0-alpha/opentelemetry-semconv-1.25.0-alpha.jar:/Users/vuongnguyenanhdat/.m2/repository/net/bytebuddy/byte-buddy/1.15.10/byte-buddy-1.15.10.jar:/Users/vuongnguyenanhdat/.m2/repository/net/java/dev/jna/jna/5.13.0/jna-5.13.0.jar:/Users/vuongnguyenanhdat/.m2/repository/org/apache/commons/commons-collections4/4.4/commons-collections4-4.4.jar:/Users/vuongnguyenanhdat/.m2/repository/org/apache/commons/commons-compress/1.25.0/commons-compress-1.25.0.jar:/Users/vuongnguyenanhdat/.m2/repository/org/apache/commons/commons-csv/1.10.0/commons-csv-1.10.0.jar:/Users/vuongnguyenanhdat/.m2/repository/org/apache/commons/commons-exec/1.4.0/commons-exec-1.4.0.jar:/Users/vuongnguyenanhdat/.m2/repository/org/apache/commons/commons-lang3/3.13.0/commons-lang3-3.13.0.jar:/Users/vuongnguyenanhdat/.m2/repository/org/apache/commons/commons-math3/3.6.1/commons-math3-3.6.1.jar:/Users/vuongnguyenanhdat/.m2/repository/org/apache/commons/commons-text/1.11.0/commons-text-1.11.0.jar:/Users/vuongnguyenanhdat/.m2/repository/org/apache/httpcomponents/client5/httpclient5/5.2.1/httpclient5-5.2.1.jar:/Users/vuongnguyenanhdat/.m2/repository/org/apache/httpcomponents/core5/httpcore5/5.2/httpcore5-5.2.jar:/Users/vuongnguyenanhdat/.m2/repository/org/apache/httpcomponents/core5/httpcore5-h2/5.2/httpcore5-h2-5.2.jar:/Users/vuongnguyenanhdat/.m2/repository/org/apache/logging/log4j/log4j-api/2.21.1/log4j-api-2.21.1.jar:/Users/vuongnguyenanhdat/.m2/repository/org/apache/poi/poi/5.2.5/poi-5.2.5.jar:/Users/vuongnguyenanhdat/.m2/repository/org/apache/poi/poi-ooxml/5.2.5/poi-ooxml-5.2.5.jar:/Users/vuongnguyenanhdat/.m2/repository/org/apache/poi/poi-ooxml-lite/5.2.5/poi-ooxml-lite-5.2.5.jar:/Users/vuongnguyenanhdat/.m2/repository/org/apache/xmlbeans/xmlbeans/5.2.0/xmlbeans-5.2.0.jar:/Users/vuongnguyenanhdat/.m2/repository/org/brotli/dec/0.1.2/dec-0.1.2.jar:/Users/vuongnguyenanhdat/.m2/repository/org/checkerframework/checker-qual/3.43.0/checker-qual-3.43.0.jar:/Users/vuongnguyenanhdat/.m2/repository/org/jsoup/jsoup/1.17.2/jsoup-1.17.2.jar:/Users/vuongnguyenanhdat/.m2/repository/org/jspecify/jspecify/1.0.0/jspecify-1.0.0.jar:/Users/vuongnguyenanhdat/.m2/repository/org/seleniumhq/selenium/selenium-api/4.27.0/selenium-api-4.27.0.jar:/Users/vuongnguyenanhdat/.m2/repository/org/seleniumhq/selenium/selenium-chrome-driver/4.27.0/selenium-chrome-driver-4.27.0.jar:/Users/vuongnguyenanhdat/.m2/repository/org/seleniumhq/selenium/selenium-chromium-driver/4.27.0/selenium-chromium-driver-4.27.0.jar:/Users/vuongnguyenanhdat/.m2/repository/org/seleniumhq/selenium/selenium-devtools-v129/4.27.0/selenium-devtools-v129-4.27.0.jar:/Users/vuongnguyenanhdat/.m2/repository/org/seleniumhq/selenium/selenium-devtools-v130/4.27.0/selenium-devtools-v130-4.27.0.jar:/Users/vuongnguyenanhdat/.m2/repository/org/seleniumhq/selenium/selenium-devtools-v131/4.27.0/selenium-devtools-v131-4.27.0.jar:/Users/vuongnguyenanhdat/.m2/repository/org/seleniumhq/selenium/selenium-devtools-v85/4.27.0/selenium-devtools-v85-4.27.0.jar:/Users/vuongnguyenanhdat/.m2/repository/org/seleniumhq/selenium/selenium-edge-driver/4.27.0/selenium-edge-driver-4.27.0.jar:/Users/vuongnguyenanhdat/.m2/repository/org/seleniumhq/selenium/selenium-firefox-driver/4.27.0/selenium-firefox-driver-4.27.0.jar:/Users/vuongnguyenanhdat/.m2/repository/org/seleniumhq/selenium/selenium-http/4.27.0/selenium-http-4.27.0.jar:/Users/vuongnguyenanhdat/.m2/repository/org/seleniumhq/selenium/selenium-ie-driver/4.27.0/selenium-ie-driver-4.27.0.jar:/Users/vuongnguyenanhdat/.m2/repository/org/seleniumhq/selenium/selenium-java/4.27.0/selenium-java-4.27.0.jar:/Users/vuongnguyenanhdat/.m2/repository/org/seleniumhq/selenium/selenium-json/4.27.0/selenium-json-4.27.0.jar:/Users/vuongnguyenanhdat/.m2/repository/org/seleniumhq/selenium/selenium-manager/4.27.0/selenium-manager-4.27.0.jar:/Users/vuongnguyenanhdat/.m2/repository/org/seleniumhq/selenium/selenium-os/4.27.0/selenium-os-4.27.0.jar:/Users/vuongnguyenanhdat/.m2/repository/org/seleniumhq/selenium/selenium-remote-driver/4.27.0/selenium-remote-driver-4.27.0.jar:/Users/vuongnguyenanhdat/.m2/repository/org/seleniumhq/selenium/selenium-safari-driver/4.27.0/selenium-safari-driver-4.27.0.jar:/Users/vuongnguyenanhdat/.m2/repository/org/seleniumhq/selenium/selenium-support/4.27.0/selenium-support-4.27.0.jar:/Users/vuongnguyenanhdat/.m2/repository/org/slf4j/jcl-over-slf4j/1.7.30/jcl-over-slf4j-1.7.30.jar:/Users/vuongnguyenanhdat/.m2/repository/org/slf4j/slf4j-api/2.0.13/slf4j-api-2.0.13.jar
  module root = /Users/vuongnguyenanhdat/Documents/project copy/demo
Dec 20, 2025 9:08:11 PM javafx.fxml.FXMLLoader$ValueElement processValue
WARNING: Loading FXML document with JavaFX API of version 25 by JavaFX runtime of version 21.0.1
No post-load refresh method found on controller. Consider adding one of: [onGuiReady, refreshUI, reloadData, loadData, updateCharts, initializeData] with signature (Path|String|void).
Đã lưu dữ liệu JSON thành công.
Dec 20, 2025 9:08:14 PM javafx.fxml.FXMLLoader$ValueElement processValue
WARNING: Loading FXML document with JavaFX API of version 25 by JavaFX runtime of version 21.0.1

[0] Target file found: /Users/vuongnguyenanhdat/Documents/project copy/demo/results_2025-12-13_11-45-27.csv

[1] Running Data Processor...
Đang đọc cấu hình từ file: input_data.json ...
============================================
Input File : /Users/vuongnguyenanhdat/Documents/project copy/demo/results_2025-12-13_11-45-27.csv
Từ khoá    : matmo
Thời gian  : null -> null
============================================
Đang xử lý dữ liệu...
Hoàn tất! File sạch đã được lưu tại: cleaned_results_2025-12-13_11-45-27.csv
Processed output: /Users/vuongnguyenanhdat/Documents/project copy/demo/cleaned_results_2025-12-13_11-45-27.csv

[2] Running Python Model...
Using Python: python3
Using Script: /Users/vuongnguyenanhdat/Documents/project copy/demo/src/main/java/com/demo/Model/Model/main.py
[Python] Device set to use mps:0
[Python] Processing file: --csv
[Python] Using input file: /Users/vuongnguyenanhdat/Documents/project copy/demo/cleaned_results_2025-12-13_11-45-27.csv
[Python] 🔧 Loading sentiment pipeline: wonrax/phobert-base-vietnamese-sentiment
[Python] 
[Python] ======================================================================
[Python] 🚀 ADVANCED DISASTER ANALYSIS PIPELINE
[Python] ======================================================================
[Python] 
[Python] 📂 BƯỚC 1: Load dữ liệu
[Python]    ✅ Đã load 59 posts
[Python] 
[Python] 😊 BƯỚC 2: Phân tích tâm lý (Bài toán 1)
[Python] 🔄 Đang phân tích tâm lý cho 59 posts...
[Python] ✅ Hoàn thành phân tích tâm lý
[Python] 
[Python] 🏚️ BƯỚC 3: Phân loại thiệt hại (Bài toán 2)
[Python] 🔄 Đang phân loại thiệt hại cho 59 posts...
[Python] ✅ Hoàn thành phân loại thiệt hại
[Python] 
[Python] 📊 BƯỚC 4: Tạo báo cáo phân tích
[Python] 📊 Đã lưu báo cáo sentiment: ./results/sentiment_timeline.csv
[Python] 📊 Đã lưu báo cáo damage: ./results/damage_statistics.csv
[Python] 💾 Đã lưu processed posts: ./results/processed_posts.json
[Python] 
[Python] ✅ HOÀN THÀNH! Kết quả lưu tại: ./results
[Python] 
[Python] ======================================================================
[Python] 📋 TÓM TẮT KẾT QUẢ PHÂN TÍCH
[Python] ======================================================================
[Python] 
[Python] 🎭 PHÂN TÍCH TÂM LÝ (Bài toán 1):
[Python]    🗓️  Khoảng thời gian: 2025-09-30 → 2025-11-06
[Python]    📝 Tổng số posts: 59
[Python]    😊 Tích cực: 0 (0.0%)
[Python]    😢 Tiêu cực: 0 (0.0%)
[Python]    😐 Trung lập: 59 (100.0%)
[Python] 
[Python] 🏚️ PHÂN LOẠI THIỆT HẠI (Bài toán 2):
[Python]    📊 TOP 5 LOẠI THIỆT HẠI:
[Python]       1. Người bị ảnh hưởng: 28 posts (47.5%) - Confidence: 0.619
[Python]       2. Cơ sở hạ tầng bị hư hỏng: 26 posts (44.1%) - Confidence: 0.564
[Python]       3. Nhà cửa bị hư hỏng: 25 posts (42.4%) - Confidence: 0.453
[Python]       4. Tài sản bị mất: 19 posts (32.2%) - Confidence: 0.351
[Python]       5. Khác: 15 posts (25.4%) - Confidence: 1.000
[Python] Analysis completed successfully!

=== PIPELINE FINISHED SUCCESSFULLY ===
Dec 20, 2025 9:08:30 PM javafx.fxml.FXMLLoader$ValueElement processValue
WARNING: Loading FXML document with JavaFX API of version 25 by JavaFX runtime of version 21.0.1
Dec 20, 2025 9:08:30 PM javafx.fxml.FXMLLoader$ValueElement processValue
WARNING: Loading FXML document with JavaFX API of version 25 by JavaFX runtime of version 21.0.1
CsvLoader: attempting to open sentiment CSV at: /Users/vuongnguyenanhdat/Downloads/project/results/sentiment_timeline.csv
Dec 20, 2025 9:08:32 PM javafx.fxml.FXMLLoader$ValueElement processValue
WARNING: Loading FXML document with JavaFX API of version 25 by JavaFX runtime of version 21.0.1
Dec 20, 2025 9:08:32 PM javafx.fxml.FXMLLoader$ValueElement processValue
WARNING: Loading FXML document with JavaFX API of version 25 by JavaFX runtime of version 21.0.1
Giao diện đã khởi tạo, đang load dữ liệu...
Logging initialized to: /Users/vuongnguyenanhdat/Documents/project copy/demo/app-debug.log
Startup diagnostics:
  user.dir = /Users/vuongnguyenanhdat/Documents/project copy/demo
  java.class.path = /Users/vuongnguyenanhdat/Documents/project copy/demo/target/classes:/Users/vuongnguyenanhdat/.m2/repository/com/fasterxml/jackson/core/jackson-annotations/2.15.2/jackson-annotations-2.15.2.jar:/Users/vuongnguyenanhdat/.m2/repository/com/fasterxml/jackson/core/jackson-core/2.15.2/jackson-core-2.15.2.jar:/Users/vuongnguyenanhdat/.m2/repository/com/fasterxml/jackson/core/jackson-databind/2.15.2/jackson-databind-2.15.2.jar:/Users/vuongnguyenanhdat/.m2/repository/com/github/docker-java/docker-java/3.4.0/docker-java-3.4.0.jar:/Users/vuongnguyenanhdat/.m2/repository/com/github/docker-java/docker-java-api/3.4.0/docker-java-api-3.4.0.jar:/Users/vuongnguyenanhdat/.m2/repository/com/github/docker-java/docker-java-core/3.4.0/docker-java-core-3.4.0.jar:/Users/vuongnguyenanhdat/.m2/repository/com/github/docker-java/docker-java-transport/3.4.0/docker-java-transport-3.4.0.jar:/Users/vuongnguyenanhdat/.m2/repository/com/github/docker-java/docker-java-transport-httpclient5/3.4.0/docker-java-transport-httpclient5-3.4.0.jar:/Users/vuongnguyenanhdat/.m2/repository/com/github/virtuald/curvesapi/1.08/curvesapi-1.08.jar:/Users/vuongnguyenanhdat/.m2/repository/com/google/auto/service/auto-service-annotations/1.1.1/auto-service-annotations-1.1.1.jar:/Users/vuongnguyenanhdat/.m2/repository/com/google/code/findbugs/jsr305/3.0.2/jsr305-3.0.2.jar:/Users/vuongnguyenanhdat/.m2/repository/com/google/code/gson/gson/2.10.1/gson-2.10.1.jar:/Users/vuongnguyenanhdat/.m2/repository/com/google/errorprone/error_prone_annotations/2.28.0/error_prone_annotations-2.28.0.jar:/Users/vuongnguyenanhdat/.m2/repository/com/google/guava/failureaccess/1.0.2/failureaccess-1.0.2.jar:/Users/vuongnguyenanhdat/.m2/repository/com/google/guava/guava/33.3.1-jre/guava-33.3.1-jre.jar:/Users/vuongnguyenanhdat/.m2/repository/com/google/guava/listenablefuture/9999.0-empty-to-avoid-conflict-with-guava/listenablefuture-9999.0-empty-to-avoid-conflict-with-guava.jar:/Users/vuongnguyenanhdat/.m2/repository/com/google/j2objc/j2objc-annotations/3.0.0/j2objc-annotations-3.0.0.jar:/Users/vuongnguyenanhdat/.m2/repository/com/opencsv/opencsv/5.9/opencsv-5.9.jar:/Users/vuongnguyenanhdat/.m2/repository/com/zaxxer/SparseBitSet/1.3/SparseBitSet-1.3.jar:/Users/vuongnguyenanhdat/.m2/repository/commons-beanutils/commons-beanutils/1.9.4/commons-beanutils-1.9.4.jar:/Users/vuongnguyenanhdat/.m2/repository/commons-codec/commons-codec/1.16.0/commons-codec-1.16.0.jar:/Users/vuongnguyenanhdat/.m2/repository/commons-collections/commons-collections/3.2.2/commons-collections-3.2.2.jar:/Users/vuongnguyenanhdat/.m2/repository/commons-io/commons-io/2.15.0/commons-io-2.15.0.jar:/Users/vuongnguyenanhdat/.m2/repository/commons-logging/commons-logging/1.2/commons-logging-1.2.jar:/Users/vuongnguyenanhdat/.m2/repository/dev/failsafe/failsafe/3.3.2/failsafe-3.3.2.jar:/Users/vuongnguyenanhdat/.m2/repository/io/github/bonigarcia/webdrivermanager/5.9.2/webdrivermanager-5.9.2.jar:/Users/vuongnguyenanhdat/.m2/repository/io/opentelemetry/opentelemetry-api/1.44.1/opentelemetry-api-1.44.1.jar:/Users/vuongnguyenanhdat/.m2/repository/io/opentelemetry/opentelemetry-api-incubator/1.44.1-alpha/opentelemetry-api-incubator-1.44.1-alpha.jar:/Users/vuongnguyenanhdat/.m2/repository/io/opentelemetry/opentelemetry-context/1.44.1/opentelemetry-context-1.44.1.jar:/Users/vuongnguyenanhdat/.m2/repository/io/opentelemetry/opentelemetry-exporter-logging/1.44.1/opentelemetry-exporter-logging-1.44.1.jar:/Users/vuongnguyenanhdat/.m2/repository/io/opentelemetry/opentelemetry-sdk/1.44.1/opentelemetry-sdk-1.44.1.jar:/Users/vuongnguyenanhdat/.m2/repository/io/opentelemetry/opentelemetry-sdk-common/1.44.1/opentelemetry-sdk-common-1.44.1.jar:/Users/vuongnguyenanhdat/.m2/repository/io/opentelemetry/opentelemetry-sdk-extension-autoconfigure/1.44.1/opentelemetry-sdk-extension-autoconfigure-1.44.1.jar:/Users/vuongnguyenanhdat/.m2/repository/io/opentelemetry/opentelemetry-sdk-extension-autoconfigure-spi/1.44.1/opentelemetry-sdk-extension-autoconfigure-spi-1.44.1.jar:/Users/vuongnguyenanhdat/.m2/repository/io/opentelemetry/opentelemetry-sdk-logs/1.44.1/opentelemetry-sdk-logs-1.44.1.jar:/Users/vuongnguyenanhdat/.m2/repository/io/opentelemetry/opentelemetry-sdk-metrics/1.44.1/opentelemetry-sdk-metrics-1.44.1.jar:/Users/vuongnguyenanhdat/.m2/repository/io/opentelemetry/opentelemetry-sdk-trace/1.44.1/opentelemetry-sdk-trace-1.44.1.jar:/Users/vuongnguyenanhdat/.m2/repository/io/opentelemetry/semconv/opentelemetry-semconv/1.25.0-alpha/opentelemetry-semconv-1.25.0-alpha.jar:/Users/vuongnguyenanhdat/.m2/repository/net/bytebuddy/byte-buddy/1.15.10/byte-buddy-1.15.10.jar:/Users/vuongnguyenanhdat/.m2/repository/net/java/dev/jna/jna/5.13.0/jna-5.13.0.jar:/Users/vuongnguyenanhdat/.m2/repository/org/apache/commons/commons-collections4/4.4/commons-collections4-4.4.jar:/Users/vuongnguyenanhdat/.m2/repository/org/apache/commons/commons-compress/1.25.0/commons-compress-1.25.0.jar:/Users/vuongnguyenanhdat/.m2/repository/org/apache/commons/commons-csv/1.10.0/commons-csv-1.10.0.jar:/Users/vuongnguyenanhdat/.m2/repository/org/apache/commons/commons-exec/1.4.0/commons-exec-1.4.0.jar:/Users/vuongnguyenanhdat/.m2/repository/org/apache/commons/commons-lang3/3.13.0/commons-lang3-3.13.0.jar:/Users/vuongnguyenanhdat/.m2/repository/org/apache/commons/commons-math3/3.6.1/commons-math3-3.6.1.jar:/Users/vuongnguyenanhdat/.m2/repository/org/apache/commons/commons-text/1.11.0/commons-text-1.11.0.jar:/Users/vuongnguyenanhdat/.m2/repository/org/apache/httpcomponents/client5/httpclient5/5.2.1/httpclient5-5.2.1.jar:/Users/vuongnguyenanhdat/.m2/repository/org/apache/httpcomponents/core5/httpcore5/5.2/httpcore5-5.2.jar:/Users/vuongnguyenanhdat/.m2/repository/org/apache/httpcomponents/core5/httpcore5-h2/5.2/httpcore5-h2-5.2.jar:/Users/vuongnguyenanhdat/.m2/repository/org/apache/logging/log4j/log4j-api/2.21.1/log4j-api-2.21.1.jar:/Users/vuongnguyenanhdat/.m2/repository/org/apache/poi/poi/5.2.5/poi-5.2.5.jar:/Users/vuongnguyenanhdat/.m2/repository/org/apache/poi/poi-ooxml/5.2.5/poi-ooxml-5.2.5.jar:/Users/vuongnguyenanhdat/.m2/repository/org/apache/poi/poi-ooxml-lite/5.2.5/poi-ooxml-lite-5.2.5.jar:/Users/vuongnguyenanhdat/.m2/repository/org/apache/xmlbeans/xmlbeans/5.2.0/xmlbeans-5.2.0.jar:/Users/vuongnguyenanhdat/.m2/repository/org/brotli/dec/0.1.2/dec-0.1.2.jar:/Users/vuongnguyenanhdat/.m2/repository/org/checkerframework/checker-qual/3.43.0/checker-qual-3.43.0.jar:/Users/vuongnguyenanhdat/.m2/repository/org/jsoup/jsoup/1.17.2/jsoup-1.17.2.jar:/Users/vuongnguyenanhdat/.m2/repository/org/jspecify/jspecify/1.0.0/jspecify-1.0.0.jar:/Users/vuongnguyenanhdat/.m2/repository/org/seleniumhq/selenium/selenium-api/4.27.0/selenium-api-4.27.0.jar:/Users/vuongnguyenanhdat/.m2/repository/org/seleniumhq/selenium/selenium-chrome-driver/4.27.0/selenium-chrome-driver-4.27.0.jar:/Users/vuongnguyenanhdat/.m2/repository/org/seleniumhq/selenium/selenium-chromium-driver/4.27.0/selenium-chromium-driver-4.27.0.jar:/Users/vuongnguyenanhdat/.m2/repository/org/seleniumhq/selenium/selenium-devtools-v129/4.27.0/selenium-devtools-v129-4.27.0.jar:/Users/vuongnguyenanhdat/.m2/repository/org/seleniumhq/selenium/selenium-devtools-v130/4.27.0/selenium-devtools-v130-4.27.0.jar:/Users/vuongnguyenanhdat/.m2/repository/org/seleniumhq/selenium/selenium-devtools-v131/4.27.0/selenium-devtools-v131-4.27.0.jar:/Users/vuongnguyenanhdat/.m2/repository/org/seleniumhq/selenium/selenium-devtools-v85/4.27.0/selenium-devtools-v85-4.27.0.jar:/Users/vuongnguyenanhdat/.m2/repository/org/seleniumhq/selenium/selenium-edge-driver/4.27.0/selenium-edge-driver-4.27.0.jar:/Users/vuongnguyenanhdat/.m2/repository/org/seleniumhq/selenium/selenium-firefox-driver/4.27.0/selenium-firefox-driver-4.27.0.jar:/Users/vuongnguyenanhdat/.m2/repository/org/seleniumhq/selenium/selenium-http/4.27.0/selenium-http-4.27.0.jar:/Users/vuongnguyenanhdat/.m2/repository/org/seleniumhq/selenium/selenium-ie-driver/4.27.0/selenium-ie-driver-4.27.0.jar:/Users/vuongnguyenanhdat/.m2/repository/org/seleniumhq/selenium/selenium-java/4.27.0/selenium-java-4.27.0.jar:/Users/vuongnguyenanhdat/.m2/repository/org/seleniumhq/selenium/selenium-json/4.27.0/selenium-json-4.27.0.jar:/Users/vuongnguyenanhdat/.m2/repository/org/seleniumhq/selenium/selenium-manager/4.27.0/selenium-manager-4.27.0.jar:/Users/vuongnguyenanhdat/.m2/repository/org/seleniumhq/selenium/selenium-os/4.27.0/selenium-os-4.27.0.jar:/Users/vuongnguyenanhdat/.m2/repository/org/seleniumhq/selenium/selenium-remote-driver/4.27.0/selenium-remote-driver-4.27.0.jar:/Users/vuongnguyenanhdat/.m2/repository/org/seleniumhq/selenium/selenium-safari-driver/4.27.0/selenium-safari-driver-4.27.0.jar:/Users/vuongnguyenanhdat/.m2/repository/org/seleniumhq/selenium/selenium-support/4.27.0/selenium-support-4.27.0.jar:/Users/vuongnguyenanhdat/.m2/repository/org/slf4j/jcl-over-slf4j/1.7.30/jcl-over-slf4j-1.7.30.jar:/Users/vuongnguyenanhdat/.m2/repository/org/slf4j/slf4j-api/2.0.13/slf4j-api-2.0.13.jar
  module root = /Users/vuongnguyenanhdat/Documents/project copy/demo
Dec 20, 2025 9:10:52 PM javafx.fxml.FXMLLoader$ValueElement processValue
WARNING: Loading FXML document with JavaFX API of version 25 by JavaFX runtime of version 21.0.1
man1Controller.onGuiReady called with: /Users/vuongnguyenanhdat/Documents/project copy/demo/results_2025-12-13_11-45-27.csv
CSV exists: /Users/vuongnguyenanhdat/Documents/project copy/demo/results_2025-12-13_11-45-27.csv
Invoked onGuiReady(Path) on com.demo.UI.controller.man1Controller
Đã lưu dữ liệu JSON thành công.
Dec 20, 2025 9:10:59 PM javafx.fxml.FXMLLoader$ValueElement processValue
WARNING: Loading FXML document with JavaFX API of version 25 by JavaFX runtime of version 21.0.1

[0] Target file found: /Users/vuongnguyenanhdat/Documents/project copy/demo/results_2025-12-13_11-45-27.csv

[1] Running Data Processor...
Đang đọc cấu hình từ file: input_data.json ...
============================================
Input File : /Users/vuongnguyenanhdat/Documents/project copy/demo/results_2025-12-13_11-45-27.csv
Từ khoá    : matmo
Thời gian  : null -> null
============================================
Đang xử lý dữ liệu...
Hoàn tất! File sạch đã được lưu tại: cleaned_results_2025-12-13_11-45-27.csv
Processed output: /Users/vuongnguyenanhdat/Documents/project copy/demo/cleaned_results_2025-12-13_11-45-27.csv

[2] Running Python Model...
Using Python: python3
Using Script: /Users/vuongnguyenanhdat/Documents/project copy/demo/src/main/java/com/demo/Model/Model/main.py
[Python] Device set to use mps:0
[Python] Processing file: --csv
[Python] Using input file: /Users/vuongnguyenanhdat/Documents/project copy/demo/cleaned_results_2025-12-13_11-45-27.csv
[Python] 🔧 Loading sentiment pipeline: wonrax/phobert-base-vietnamese-sentiment
[Python] 
[Python] ======================================================================
[Python] 🚀 ADVANCED DISASTER ANALYSIS PIPELINE
[Python] ======================================================================
[Python] 
[Python] 📂 BƯỚC 1: Load dữ liệu
[Python]    ✅ Đã load 59 posts
[Python] 
[Python] 😊 BƯỚC 2: Phân tích tâm lý (Bài toán 1)
[Python] 🔄 Đang phân tích tâm lý cho 59 posts...
[Python] ✅ Hoàn thành phân tích tâm lý
[Python] 
[Python] 🏚️ BƯỚC 3: Phân loại thiệt hại (Bài toán 2)
[Python] 🔄 Đang phân loại thiệt hại cho 59 posts...
[Python] ✅ Hoàn thành phân loại thiệt hại
[Python] 
[Python] 📊 BƯỚC 4: Tạo báo cáo phân tích
[Python] 📊 Đã lưu báo cáo sentiment: ./results/sentiment_timeline.csv
[Python] 📊 Đã lưu báo cáo damage: ./results/damage_statistics.csv
[Python] 💾 Đã lưu processed posts: ./results/processed_posts.json
[Python] 
[Python] ✅ HOÀN THÀNH! Kết quả lưu tại: ./results
[Python] 
[Python] ======================================================================
[Python] 📋 TÓM TẮT KẾT QUẢ PHÂN TÍCH
[Python] ======================================================================
[Python] 
[Python] 🎭 PHÂN TÍCH TÂM LÝ (Bài toán 1):
[Python]    🗓️  Khoảng thời gian: 2025-09-30 → 2025-11-06
[Python]    📝 Tổng số posts: 59
[Python]    😊 Tích cực: 0 (0.0%)
[Python]    😢 Tiêu cực: 0 (0.0%)
[Python]    😐 Trung lập: 59 (100.0%)
[Python] 
[Python] 🏚️ PHÂN LOẠI THIỆT HẠI (Bài toán 2):
[Python]    📊 TOP 5 LOẠI THIỆT HẠI:
[Python]       1. Người bị ảnh hưởng: 28 posts (47.5%) - Confidence: 0.619
[Python]       2. Cơ sở hạ tầng bị hư hỏng: 26 posts (44.1%) - Confidence: 0.564
[Python]       3. Nhà cửa bị hư hỏng: 25 posts (42.4%) - Confidence: 0.453
[Python]       4. Tài sản bị mất: 19 posts (32.2%) - Confidence: 0.351
[Python]       5. Khác: 15 posts (25.4%) - Confidence: 1.000
[Python] Analysis completed successfully!

=== PIPELINE FINISHED SUCCESSFULLY ===
Dec 20, 2025 9:11:10 PM javafx.fxml.FXMLLoader$ValueElement processValue
WARNING: Loading FXML document with JavaFX API of version 25 by JavaFX runtime of version 21.0.1
Dec 20, 2025 9:11:11 PM javafx.fxml.FXMLLoader$ValueElement processValue
WARNING: Loading FXML document with JavaFX API of version 25 by JavaFX runtime of version 21.0.1
CsvLoader: attempting to open sentiment CSV at: /Users/vuongnguyenanhdat/Downloads/project/results/sentiment_timeline.csv
Dec 20, 2025 9:11:12 PM javafx.fxml.FXMLLoader$ValueElement processValue
WARNING: Loading FXML document with JavaFX API of version 25 by JavaFX runtime of version 21.0.1
Dec 20, 2025 9:11:13 PM javafx.fxml.FXMLLoader$ValueElement processValue
WARNING: Loading FXML document with JavaFX API of version 25 by JavaFX runtime of version 21.0.1
Giao diện đã khởi tạo, đang load dữ liệu...
Dec 20, 2025 9:11:13 PM javafx.fxml.FXMLLoader$ValueElement processValue
WARNING: Loading FXML document with JavaFX API of version 25 by JavaFX runtime of version 21.0.1
Logging initialized to: /Users/vuongnguyenanhdat/Documents/Screenshot /project copy/demo/app-debug.log
Startup diagnostics:
  user.dir = /Users/vuongnguyenanhdat/Documents/Screenshot /project copy/demo
  java.class.path = /Users/vuongnguyenanhdat/Documents/Screenshot /project copy/demo/target/classes:/Users/vuongnguyenanhdat/.m2/repository/com/fasterxml/jackson/core/jackson-annotations/2.15.2/jackson-annotations-2.15.2.jar:/Users/vuongnguyenanhdat/.m2/repository/com/fasterxml/jackson/core/jackson-core/2.15.2/jackson-core-2.15.2.jar:/Users/vuongnguyenanhdat/.m2/repository/com/fasterxml/jackson/core/jackson-databind/2.15.2/jackson-databind-2.15.2.jar:/Users/vuongnguyenanhdat/.m2/repository/com/github/docker-java/docker-java/3.4.0/docker-java-3.4.0.jar:/Users/vuongnguyenanhdat/.m2/repository/com/github/docker-java/docker-java-api/3.4.0/docker-java-api-3.4.0.jar:/Users/vuongnguyenanhdat/.m2/repository/com/github/docker-java/docker-java-core/3.4.0/docker-java-core-3.4.0.jar:/Users/vuongnguyenanhdat/.m2/repository/com/github/docker-java/docker-java-transport/3.4.0/docker-java-transport-3.4.0.jar:/Users/vuongnguyenanhdat/.m2/repository/com/github/docker-java/docker-java-transport-httpclient5/3.4.0/docker-java-transport-httpclient5-3.4.0.jar:/Users/vuongnguyenanhdat/.m2/repository/com/github/virtuald/curvesapi/1.08/curvesapi-1.08.jar:/Users/vuongnguyenanhdat/.m2/repository/com/google/auto/service/auto-service-annotations/1.1.1/auto-service-annotations-1.1.1.jar:/Users/vuongnguyenanhdat/.m2/repository/com/google/code/findbugs/jsr305/3.0.2/jsr305-3.0.2.jar:/Users/vuongnguyenanhdat/.m2/repository/com/google/code/gson/gson/2.10.1/gson-2.10.1.jar:/Users/vuongnguyenanhdat/.m2/repository/com/google/errorprone/error_prone_annotations/2.28.0/error_prone_annotations-2.28.0.jar:/Users/vuongnguyenanhdat/.m2/repository/com/google/guava/failureaccess/1.0.2/failureaccess-1.0.2.jar:/Users/vuongnguyenanhdat/.m2/repository/com/google/guava/guava/33.3.1-jre/guava-33.3.1-jre.jar:/Users/vuongnguyenanhdat/.m2/repository/com/google/guava/listenablefuture/9999.0-empty-to-avoid-conflict-with-guava/listenablefuture-9999.0-empty-to-avoid-conflict-with-guava.jar:/Users/vuongnguyenanhdat/.m2/repository/com/google/j2objc/j2objc-annotations/3.0.0/j2objc-annotations-3.0.0.jar:/Users/vuongnguyenanhdat/.m2/repository/com/opencsv/opencsv/5.9/opencsv-5.9.jar:/Users/vuongnguyenanhdat/.m2/repository/com/zaxxer/SparseBitSet/1.3/SparseBitSet-1.3.jar:/Users/vuongnguyenanhdat/.m2/repository/commons-beanutils/commons-beanutils/1.9.4/commons-beanutils-1.9.4.jar:/Users/vuongnguyenanhdat/.m2/repository/commons-codec/commons-codec/1.16.0/commons-codec-1.16.0.jar:/Users/vuongnguyenanhdat/.m2/repository/commons-collections/commons-collections/3.2.2/commons-collections-3.2.2.jar:/Users/vuongnguyenanhdat/.m2/repository/commons-io/commons-io/2.15.0/commons-io-2.15.0.jar:/Users/vuongnguyenanhdat/.m2/repository/commons-logging/commons-logging/1.2/commons-logging-1.2.jar:/Users/vuongnguyenanhdat/.m2/repository/dev/failsafe/failsafe/3.3.2/failsafe-3.3.2.jar:/Users/vuongnguyenanhdat/.m2/repository/io/github/bonigarcia/webdrivermanager/5.9.2/webdrivermanager-5.9.2.jar:/Users/vuongnguyenanhdat/.m2/repository/io/opentelemetry/opentelemetry-api/1.44.1/opentelemetry-api-1.44.1.jar:/Users/vuongnguyenanhdat/.m2/repository/io/opentelemetry/opentelemetry-api-incubator/1.44.1-alpha/opentelemetry-api-incubator-1.44.1-alpha.jar:/Users/vuongnguyenanhdat/.m2/repository/io/opentelemetry/opentelemetry-context/1.44.1/opentelemetry-context-1.44.1.jar:/Users/vuongnguyenanhdat/.m2/repository/io/opentelemetry/opentelemetry-exporter-logging/1.44.1/opentelemetry-exporter-logging-1.44.1.jar:/Users/vuongnguyenanhdat/.m2/repository/io/opentelemetry/opentelemetry-sdk/1.44.1/opentelemetry-sdk-1.44.1.jar:/Users/vuongnguyenanhdat/.m2/repository/io/opentelemetry/opentelemetry-sdk-common/1.44.1/opentelemetry-sdk-common-1.44.1.jar:/Users/vuongnguyenanhdat/.m2/repository/io/opentelemetry/opentelemetry-sdk-extension-autoconfigure/1.44.1/opentelemetry-sdk-extension-autoconfigure-1.44.1.jar:/Users/vuongnguyenanhdat/.m2/repository/io/opentelemetry/opentelemetry-sdk-extension-autoconfigure-spi/1.44.1/opentelemetry-sdk-extension-autoconfigure-spi-1.44.1.jar:/Users/vuongnguyenanhdat/.m2/repository/io/opentelemetry/opentelemetry-sdk-logs/1.44.1/opentelemetry-sdk-logs-1.44.1.jar:/Users/vuongnguyenanhdat/.m2/repository/io/opentelemetry/opentelemetry-sdk-metrics/1.44.1/opentelemetry-sdk-metrics-1.44.1.jar:/Users/vuongnguyenanhdat/.m2/repository/io/opentelemetry/opentelemetry-sdk-trace/1.44.1/opentelemetry-sdk-trace-1.44.1.jar:/Users/vuongnguyenanhdat/.m2/repository/io/opentelemetry/semconv/opentelemetry-semconv/1.25.0-alpha/opentelemetry-semconv-1.25.0-alpha.jar:/Users/vuongnguyenanhdat/.m2/repository/net/bytebuddy/byte-buddy/1.15.10/byte-buddy-1.15.10.jar:/Users/vuongnguyenanhdat/.m2/repository/net/java/dev/jna/jna/5.13.0/jna-5.13.0.jar:/Users/vuongnguyenanhdat/.m2/repository/org/apache/commons/commons-collections4/4.4/commons-collections4-4.4.jar:/Users/vuongnguyenanhdat/.m2/repository/org/apache/commons/commons-compress/1.25.0/commons-compress-1.25.0.jar:/Users/vuongnguyenanhdat/.m2/repository/org/apache/commons/commons-csv/1.10.0/commons-csv-1.10.0.jar:/Users/vuongnguyenanhdat/.m2/repository/org/apache/commons/commons-exec/1.4.0/commons-exec-1.4.0.jar:/Users/vuongnguyenanhdat/.m2/repository/org/apache/commons/commons-lang3/3.13.0/commons-lang3-3.13.0.jar:/Users/vuongnguyenanhdat/.m2/repository/org/apache/commons/commons-math3/3.6.1/commons-math3-3.6.1.jar:/Users/vuongnguyenanhdat/.m2/repository/org/apache/commons/commons-text/1.11.0/commons-text-1.11.0.jar:/Users/vuongnguyenanhdat/.m2/repository/org/apache/httpcomponents/client5/httpclient5/5.2.1/httpclient5-5.2.1.jar:/Users/vuongnguyenanhdat/.m2/repository/org/apache/httpcomponents/core5/httpcore5/5.2/httpcore5-5.2.jar:/Users/vuongnguyenanhdat/.m2/repository/org/apache/httpcomponents/core5/httpcore5-h2/5.2/httpcore5-h2-5.2.jar:/Users/vuongnguyenanhdat/.m2/repository/org/apache/logging/log4j/log4j-api/2.21.1/log4j-api-2.21.1.jar:/Users/vuongnguyenanhdat/.m2/repository/org/apache/poi/poi/5.2.5/poi-5.2.5.jar:/Users/vuongnguyenanhdat/.m2/repository/org/apache/poi/poi-ooxml/5.2.5/poi-ooxml-5.2.5.jar:/Users/vuongnguyenanhdat/.m2/repository/org/apache/poi/poi-ooxml-lite/5.2.5/poi-ooxml-lite-5.2.5.jar:/Users/vuongnguyenanhdat/.m2/repository/org/apache/xmlbeans/xmlbeans/5.2.0/xmlbeans-5.2.0.jar:/Users/vuongnguyenanhdat/.m2/repository/org/brotli/dec/0.1.2/dec-0.1.2.jar:/Users/vuongnguyenanhdat/.m2/repository/org/checkerframework/checker-qual/3.43.0/checker-qual-3.43.0.jar:/Users/vuongnguyenanhdat/.m2/repository/org/jsoup/jsoup/1.17.2/jsoup-1.17.2.jar:/Users/vuongnguyenanhdat/.m2/repository/org/jspecify/jspecify/1.0.0/jspecify-1.0.0.jar:/Users/vuongnguyenanhdat/.m2/repository/org/seleniumhq/selenium/selenium-api/4.27.0/selenium-api-4.27.0.jar:/Users/vuongnguyenanhdat/.m2/repository/org/seleniumhq/selenium/selenium-chrome-driver/4.27.0/selenium-chrome-driver-4.27.0.jar:/Users/vuongnguyenanhdat/.m2/repository/org/seleniumhq/selenium/selenium-chromium-driver/4.27.0/selenium-chromium-driver-4.27.0.jar:/Users/vuongnguyenanhdat/.m2/repository/org/seleniumhq/selenium/selenium-devtools-v129/4.27.0/selenium-devtools-v129-4.27.0.jar:/Users/vuongnguyenanhdat/.m2/repository/org/seleniumhq/selenium/selenium-devtools-v130/4.27.0/selenium-devtools-v130-4.27.0.jar:/Users/vuongnguyenanhdat/.m2/repository/org/seleniumhq/selenium/selenium-devtools-v131/4.27.0/selenium-devtools-v131-4.27.0.jar:/Users/vuongnguyenanhdat/.m2/repository/org/seleniumhq/selenium/selenium-devtools-v85/4.27.0/selenium-devtools-v85-4.27.0.jar:/Users/vuongnguyenanhdat/.m2/repository/org/seleniumhq/selenium/selenium-edge-driver/4.27.0/selenium-edge-driver-4.27.0.jar:/Users/vuongnguyenanhdat/.m2/repository/org/seleniumhq/selenium/selenium-firefox-driver/4.27.0/selenium-firefox-driver-4.27.0.jar:/Users/vuongnguyenanhdat/.m2/repository/org/seleniumhq/selenium/selenium-http/4.27.0/selenium-http-4.27.0.jar:/Users/vuongnguyenanhdat/.m2/repository/org/seleniumhq/selenium/selenium-ie-driver/4.27.0/selenium-ie-driver-4.27.0.jar:/Users/vuongnguyenanhdat/.m2/repository/org/seleniumhq/selenium/selenium-java/4.27.0/selenium-java-4.27.0.jar:/Users/vuongnguyenanhdat/.m2/repository/org/seleniumhq/selenium/selenium-json/4.27.0/selenium-json-4.27.0.jar:/Users/vuongnguyenanhdat/.m2/repository/org/seleniumhq/selenium/selenium-manager/4.27.0/selenium-manager-4.27.0.jar:/Users/vuongnguyenanhdat/.m2/repository/org/seleniumhq/selenium/selenium-os/4.27.0/selenium-os-4.27.0.jar:/Users/vuongnguyenanhdat/.m2/repository/org/seleniumhq/selenium/selenium-remote-driver/4.27.0/selenium-remote-driver-4.27.0.jar:/Users/vuongnguyenanhdat/.m2/repository/org/seleniumhq/selenium/selenium-safari-driver/4.27.0/selenium-safari-driver-4.27.0.jar:/Users/vuongnguyenanhdat/.m2/repository/org/seleniumhq/selenium/selenium-support/4.27.0/selenium-support-4.27.0.jar:/Users/vuongnguyenanhdat/.m2/repository/org/slf4j/jcl-over-slf4j/1.7.30/jcl-over-slf4j-1.7.30.jar:/Users/vuongnguyenanhdat/.m2/repository/org/slf4j/slf4j-api/2.0.13/slf4j-api-2.0.13.jar
  module root = /Users/vuongnguyenanhdat/Documents/Screenshot /project copy/demo
Dec 20, 2025 9:48:15 PM javafx.fxml.FXMLLoader$ValueElement processValue
WARNING: Loading FXML document with JavaFX API of version 25 by JavaFX runtime of version 21.0.1
man1Controller.onGuiReady called with: /Users/vuongnguyenanhdat/Documents/Screenshot /project copy/demo/results_2025-12-13_11-45-27.csv
CSV exists: /Users/vuongnguyenanhdat/Documents/Screenshot /project copy/demo/results_2025-12-13_11-45-27.csv
Invoked onGuiReady(Path) on com.demo.UI.controller.man1Controller
Đã lưu dữ liệu JSON thành công.
Dec 20, 2025 9:48:18 PM javafx.fxml.FXMLLoader$ValueElement processValue
WARNING: Loading FXML document with JavaFX API of version 25 by JavaFX runtime of version 21.0.1

[0] Target file found: /Users/vuongnguyenanhdat/Documents/Screenshot /project copy/demo/results_2025-12-13_11-45-27.csv

[1] Running Data Processor...
Đang đọc cấu hình từ file: input_data.json ...
============================================
Input File : /Users/vuongnguyenanhdat/Documents/Screenshot /project copy/demo/results_2025-12-13_11-45-27.csv
Từ khoá    : matmo
Thời gian  : null -> null
============================================
Đang xử lý dữ liệu...
Hoàn tất! File sạch đã được lưu tại: cleaned_results_2025-12-13_11-45-27.csv
Processed output: /Users/vuongnguyenanhdat/Documents/Screenshot /project copy/demo/cleaned_results_2025-12-13_11-45-27.csv

[2] Running Python Model...
Using Python: python3
Using Script: /Users/vuongnguyenanhdat/Documents/Screenshot /project copy/demo/src/main/java/com/demo/Model/Model/main.py
[Python] Device set to use mps:0
[Python] Processing file: --csv
[Python] Using input file: /Users/vuongnguyenanhdat/Documents/Screenshot /project copy/demo/cleaned_results_2025-12-13_11-45-27.csv
[Python] 🔧 Loading sentiment pipeline: wonrax/phobert-base-vietnamese-sentiment
[Python] 
[Python] ======================================================================
[Python] 🚀 ADVANCED DISASTER ANALYSIS PIPELINE
[Python] ======================================================================
[Python] 
[Python] 📂 BƯỚC 1: Load dữ liệu
[Python]    ✅ Đã load 59 posts
[Python] 
[Python] 😊 BƯỚC 2: Phân tích tâm lý (Bài toán 1)
[Python] 🔄 Đang phân tích tâm lý cho 59 posts...
[Python] ✅ Hoàn thành phân tích tâm lý
[Python] 
[Python] 🏚️ BƯỚC 3: Phân loại thiệt hại (Bài toán 2)
[Python] 🔄 Đang phân loại thiệt hại cho 59 posts...
[Python] ✅ Hoàn thành phân loại thiệt hại
[Python] 
[Python] 📊 BƯỚC 4: Tạo báo cáo phân tích
[Python] 📊 Đã lưu báo cáo sentiment: ./results/sentiment_timeline.csv
[Python] 📊 Đã lưu báo cáo damage: ./results/damage_statistics.csv
[Python] 💾 Đã lưu processed posts: ./results/processed_posts.json
[Python] 
[Python] ✅ HOÀN THÀNH! Kết quả lưu tại: ./results
[Python] 
[Python] ======================================================================
[Python] 📋 TÓM TẮT KẾT QUẢ PHÂN TÍCH
[Python] ======================================================================
[Python] 
[Python] 🎭 PHÂN TÍCH TÂM LÝ (Bài toán 1):
[Python]    🗓️  Khoảng thời gian: 2025-09-30 → 2025-11-06
[Python]    📝 Tổng số posts: 59
[Python]    😊 Tích cực: 0 (0.0%)
[Python]    😢 Tiêu cực: 0 (0.0%)
[Python]    😐 Trung lập: 59 (100.0%)
[Python] 
[Python] 🏚️ PHÂN LOẠI THIỆT HẠI (Bài toán 2):
[Python]    📊 TOP 5 LOẠI THIỆT HẠI:
[Python]       1. Người bị ảnh hưởng: 28 posts (47.5%) - Confidence: 0.619
[Python]       2. Cơ sở hạ tầng bị hư hỏng: 26 posts (44.1%) - Confidence: 0.564
[Python]       3. Nhà cửa bị hư hỏng: 25 posts (42.4%) - Confidence: 0.453
[Python]       4. Tài sản bị mất: 19 posts (32.2%) - Confidence: 0.351
[Python]       5. Khác: 15 posts (25.4%) - Confidence: 1.000
[Python] Analysis completed successfully!

=== PIPELINE FINISHED SUCCESSFULLY ===
Dec 20, 2025 9:48:36 PM javafx.fxml.FXMLLoader$ValueElement processValue
WARNING: Loading FXML document with JavaFX API of version 25 by JavaFX runtime of version 21.0.1
Dec 20, 2025 9:48:37 PM javafx.fxml.FXMLLoader$ValueElement processValue
WARNING: Loading FXML document with JavaFX API of version 25 by JavaFX runtime of version 21.0.1
CsvLoader: attempting to open sentiment CSV at: /Users/vuongnguyenanhdat/Downloads/project/results/sentiment_timeline.csv
Dec 20, 2025 9:48:39 PM javafx.fxml.FXMLLoader$ValueElement processValue
WARNING: Loading FXML document with JavaFX API of version 25 by JavaFX runtime of version 21.0.1
